status file for recon-all
Fri Jan 19 07:43:18 UTC 2018
#@# MotionCor Fri Jan 19 07:43:26 UTC 2018
#@# Talairach Fri Jan 19 07:43:56 UTC 2018
#@# Talairach Failure Detection Fri Jan 19 07:48:34 UTC 2018
#@# Nu Intensity Correction Fri Jan 19 07:48:34 UTC 2018
#@# Intensity Normalization Fri Jan 19 07:54:30 UTC 2018
#@# Skull Stripping Fri Jan 19 08:00:01 UTC 2018
#@# EM Registration Fri Jan 19 08:55:27 UTC 2018
#@# CA Normalize Fri Jan 19 09:39:35 UTC 2018
#@# CA Reg Fri Jan 19 09:43:22 UTC 2018
#@# SubCort Seg Fri Jan 19 17:45:12 UTC 2018
#@# Merge ASeg Fri Jan 19 20:13:57 UTC 2018
#@# Intensity Normalization2 Fri Jan 19 20:13:57 UTC 2018
#@# Mask BFS Fri Jan 19 20:21:29 UTC 2018
#@# WM Segmentation Fri Jan 19 20:21:35 UTC 2018
#@# Fill Fri Jan 19 20:26:41 UTC 2018
#@# Tessellate lh Fri Jan 19 20:28:30 UTC 2018
#@# Tessellate rh Fri Jan 19 20:28:43 UTC 2018
#@# Smooth1 lh Fri Jan 19 20:28:57 UTC 2018
#@# Smooth1 rh Fri Jan 19 20:29:08 UTC 2018
#@# Inflation1 lh Fri Jan 19 20:29:20 UTC 2018
#@# Inflation1 rh Fri Jan 19 20:30:32 UTC 2018
#@# QSphere lh Fri Jan 19 20:31:46 UTC 2018
#@# QSphere rh Fri Jan 19 20:40:19 UTC 2018
#@# Fix Topology Copy lh Fri Jan 19 20:48:09 UTC 2018
#@# Fix Topology Copy rh Fri Jan 19 20:48:09 UTC 2018
#@# Fix Topology lh Fri Jan 19 20:48:09 UTC 2018
#@# Fix Topology rh Fri Jan 19 21:28:01 UTC 2018
#@# Make White Surf lh Fri Jan 19 22:08:10 UTC 2018
#@# Make White Surf rh Fri Jan 19 22:17:45 UTC 2018
#@# Smooth2 lh Fri Jan 19 22:28:06 UTC 2018
#@# Smooth2 rh Fri Jan 19 22:28:18 UTC 2018
#@# Inflation2 lh Fri Jan 19 22:28:30 UTC 2018
#@# Inflation2 rh Fri Jan 19 22:29:46 UTC 2018
#@# Curv .H and .K lh Fri Jan 19 22:31:01 UTC 2018
#@# Curv .H and .K rh Fri Jan 19 22:34:01 UTC 2018
#@# Curvature Stats lh Fri Jan 19 22:37:01 UTC 2018
#@# Curvature Stats rh Fri Jan 19 22:37:09 UTC 2018
#@# Sphere lh Fri Jan 19 22:37:17 UTC 2018
#@# Sphere rh Sat Jan 20 00:34:03 UTC 2018
#@# Surf Reg lh Sat Jan 20 02:08:41 UTC 2018
#@# Surf Reg rh Sat Jan 20 03:57:43 UTC 2018
#@# Jacobian white lh Sat Jan 20 05:37:18 UTC 2018
#@# Jacobian white rh Sat Jan 20 05:37:21 UTC 2018
#@# AvgCurv lh Sat Jan 20 05:37:24 UTC 2018
#@# AvgCurv rh Sat Jan 20 05:37:27 UTC 2018
#@# Cortical Parc lh Sat Jan 20 05:37:29 UTC 2018
#@# Cortical Parc rh Sat Jan 20 05:37:53 UTC 2018
#@# Make Pial Surf lh Sat Jan 20 05:38:16 UTC 2018
#@# Make Pial Surf rh Sat Jan 20 06:01:56 UTC 2018
#@# Surf Volume lh Sat Jan 20 06:24:05 UTC 2018
#@# Surf Volume rh Sat Jan 20 06:24:10 UTC 2018
#@# Cortical ribbon mask Sat Jan 20 06:24:15 UTC 2018
#@# Parcellation Stats lh Sat Jan 20 06:43:37 UTC 2018
#@# Parcellation Stats rh Sat Jan 20 06:45:38 UTC 2018
#@# Cortical Parc 2 lh Sat Jan 20 06:47:42 UTC 2018
#@# Cortical Parc 2 rh Sat Jan 20 06:48:12 UTC 2018
#@# Parcellation Stats 2 lh Sat Jan 20 06:48:41 UTC 2018
#@# Parcellation Stats 2 rh Sat Jan 20 06:49:46 UTC 2018
#@# Cortical Parc 3 lh Sat Jan 20 06:50:49 UTC 2018
#@# Cortical Parc 3 rh Sat Jan 20 06:51:12 UTC 2018
#@# Parcellation Stats 3 lh Sat Jan 20 06:51:34 UTC 2018
#@# Parcellation Stats 3 rh Sat Jan 20 06:52:36 UTC 2018
#@# WM/GM Contrast lh Sat Jan 20 06:53:40 UTC 2018
#@# WM/GM Contrast rh Sat Jan 20 06:53:50 UTC 2018
#@# Relabel Hypointensities Sat Jan 20 06:53:59 UTC 2018
#@# AParc-to-ASeg aparc Sat Jan 20 06:54:37 UTC 2018
#@# AParc-to-ASeg a2009s Sat Jan 20 07:01:58 UTC 2018
#@# AParc-to-ASeg DKTatlas Sat Jan 20 07:09:21 UTC 2018
#@# APas-to-ASeg Sat Jan 20 07:16:42 UTC 2018
#@# ASeg Stats Sat Jan 20 07:16:53 UTC 2018
#@# WMParc Sat Jan 20 07:21:23 UTC 2018
#@# BA_exvivo Labels lh Sat Jan 20 07:37:14 UTC 2018
#@# BA_exvivo Labels rh Sat Jan 20 07:45:11 UTC 2018
recon-all -s 3600 finished without error at Sat Jan 20 07:53:10 UTC 2018
