status file for recon-all
Sat Jan 13 07:47:12 UTC 2018
#@# MotionCor Sat Jan 13 07:47:19 UTC 2018
#@# Talairach Sat Jan 13 07:47:43 UTC 2018
#@# Talairach Failure Detection Sat Jan 13 07:51:48 UTC 2018
#@# Nu Intensity Correction Sat Jan 13 07:51:48 UTC 2018
#@# Intensity Normalization Sat Jan 13 07:57:16 UTC 2018
#@# Skull Stripping Sat Jan 13 08:02:44 UTC 2018
#@# EM Registration Sat Jan 13 08:57:27 UTC 2018
#@# CA Normalize Sat Jan 13 09:36:37 UTC 2018
#@# CA Reg Sat Jan 13 09:40:36 UTC 2018
#@# SubCort Seg Sat Jan 13 16:17:42 UTC 2018
#@# Merge ASeg Sat Jan 13 18:47:28 UTC 2018
#@# Intensity Normalization2 Sat Jan 13 18:47:28 UTC 2018
#@# Mask BFS Sat Jan 13 18:55:07 UTC 2018
#@# WM Segmentation Sat Jan 13 18:55:12 UTC 2018
#@# Fill Sat Jan 13 18:59:43 UTC 2018
#@# Tessellate lh Sat Jan 13 19:01:36 UTC 2018
#@# Tessellate rh Sat Jan 13 19:01:48 UTC 2018
#@# Smooth1 lh Sat Jan 13 19:02:00 UTC 2018
#@# Smooth1 rh Sat Jan 13 19:02:12 UTC 2018
#@# Inflation1 lh Sat Jan 13 19:02:23 UTC 2018
#@# Inflation1 rh Sat Jan 13 19:03:32 UTC 2018
#@# QSphere lh Sat Jan 13 19:04:41 UTC 2018
#@# QSphere rh Sat Jan 13 19:12:04 UTC 2018
#@# Fix Topology Copy lh Sat Jan 13 19:19:31 UTC 2018
#@# Fix Topology Copy rh Sat Jan 13 19:19:31 UTC 2018
#@# Fix Topology lh Sat Jan 13 19:19:31 UTC 2018
#@# Fix Topology rh Sat Jan 13 20:46:18 UTC 2018
#@# Make White Surf lh Sat Jan 13 21:48:56 UTC 2018
#@# Make White Surf rh Sat Jan 13 21:59:54 UTC 2018
#@# Smooth2 lh Sat Jan 13 22:11:17 UTC 2018
#@# Smooth2 rh Sat Jan 13 22:11:31 UTC 2018
#@# Inflation2 lh Sat Jan 13 22:11:44 UTC 2018
#@# Inflation2 rh Sat Jan 13 22:13:04 UTC 2018
#@# Curv .H and .K lh Sat Jan 13 22:14:23 UTC 2018
#@# Curv .H and .K rh Sat Jan 13 22:17:36 UTC 2018
#@# Curvature Stats lh Sat Jan 13 22:20:49 UTC 2018
#@# Curvature Stats rh Sat Jan 13 22:20:58 UTC 2018
#@# Sphere lh Sat Jan 13 22:21:07 UTC 2018
#@# Sphere rh Sun Jan 14 01:43:37 UTC 2018
#@# Surf Reg lh Sun Jan 14 03:53:26 UTC 2018
#@# Surf Reg rh Sun Jan 14 06:01:56 UTC 2018
#@# Jacobian white lh Sun Jan 14 08:00:12 UTC 2018
#@# Jacobian white rh Sun Jan 14 08:00:16 UTC 2018
#@# AvgCurv lh Sun Jan 14 08:00:19 UTC 2018
#@# AvgCurv rh Sun Jan 14 08:00:22 UTC 2018
#@# Cortical Parc lh Sun Jan 14 08:00:26 UTC 2018
#@# Cortical Parc rh Sun Jan 14 08:00:53 UTC 2018
#@# Make Pial Surf lh Sun Jan 14 08:01:20 UTC 2018
#@# Make Pial Surf rh Sun Jan 14 08:29:29 UTC 2018
#@# Surf Volume lh Sun Jan 14 08:56:27 UTC 2018
#@# Surf Volume rh Sun Jan 14 08:56:33 UTC 2018
#@# Cortical ribbon mask Sun Jan 14 08:56:40 UTC 2018
#@# Parcellation Stats lh Sun Jan 14 09:21:55 UTC 2018
#@# Parcellation Stats rh Sun Jan 14 09:24:16 UTC 2018
#@# Cortical Parc 2 lh Sun Jan 14 09:26:37 UTC 2018
#@# Cortical Parc 2 rh Sun Jan 14 09:27:10 UTC 2018
#@# Parcellation Stats 2 lh Sun Jan 14 09:27:43 UTC 2018
#@# Parcellation Stats 2 rh Sun Jan 14 09:28:57 UTC 2018
#@# Cortical Parc 3 lh Sun Jan 14 09:30:10 UTC 2018
#@# Cortical Parc 3 rh Sun Jan 14 09:30:35 UTC 2018
#@# Parcellation Stats 3 lh Sun Jan 14 09:31:02 UTC 2018
#@# Parcellation Stats 3 rh Sun Jan 14 09:32:12 UTC 2018
#@# WM/GM Contrast lh Sun Jan 14 09:33:24 UTC 2018
#@# WM/GM Contrast rh Sun Jan 14 09:33:35 UTC 2018
#@# Relabel Hypointensities Sun Jan 14 09:33:47 UTC 2018
#@# AParc-to-ASeg aparc Sun Jan 14 09:34:29 UTC 2018
#@# AParc-to-ASeg a2009s Sun Jan 14 09:43:03 UTC 2018
#@# AParc-to-ASeg DKTatlas Sun Jan 14 09:51:34 UTC 2018
#@# APas-to-ASeg Sun Jan 14 10:00:03 UTC 2018
#@# ASeg Stats Sun Jan 14 10:00:15 UTC 2018
#@# WMParc Sun Jan 14 10:05:49 UTC 2018
#@# BA_exvivo Labels lh Sun Jan 14 10:23:15 UTC 2018
#@# BA_exvivo Labels rh Sun Jan 14 10:31:45 UTC 2018
recon-all -s 3832 finished without error at Sun Jan 14 10:40:17 UTC 2018
