status file for recon-all
Fri Jan 19 07:43:33 UTC 2018
#@# MotionCor Fri Jan 19 07:43:42 UTC 2018
#@# Talairach Fri Jan 19 07:44:12 UTC 2018
#@# Talairach Failure Detection Fri Jan 19 07:48:32 UTC 2018
#@# Nu Intensity Correction Fri Jan 19 07:48:32 UTC 2018
#@# Intensity Normalization Fri Jan 19 07:54:06 UTC 2018
#@# Skull Stripping Fri Jan 19 08:00:07 UTC 2018
#@# EM Registration Fri Jan 19 08:57:32 UTC 2018
#@# CA Normalize Fri Jan 19 09:40:17 UTC 2018
#@# CA Reg Fri Jan 19 09:44:20 UTC 2018
#@# SubCort Seg Fri Jan 19 17:38:36 UTC 2018
#@# Merge ASeg Fri Jan 19 19:57:26 UTC 2018
#@# Intensity Normalization2 Fri Jan 19 19:57:26 UTC 2018
#@# Mask BFS Fri Jan 19 20:04:48 UTC 2018
#@# WM Segmentation Fri Jan 19 20:04:53 UTC 2018
#@# Fill Fri Jan 19 20:09:30 UTC 2018
#@# Tessellate lh Fri Jan 19 20:11:21 UTC 2018
#@# Tessellate rh Fri Jan 19 20:11:35 UTC 2018
#@# Smooth1 lh Fri Jan 19 20:11:47 UTC 2018
#@# Smooth1 rh Fri Jan 19 20:11:56 UTC 2018
#@# Inflation1 lh Fri Jan 19 20:12:06 UTC 2018
#@# Inflation1 rh Fri Jan 19 20:13:04 UTC 2018
#@# QSphere lh Fri Jan 19 20:14:03 UTC 2018
#@# QSphere rh Fri Jan 19 20:20:32 UTC 2018
#@# Fix Topology Copy lh Fri Jan 19 20:27:06 UTC 2018
#@# Fix Topology Copy rh Fri Jan 19 20:27:06 UTC 2018
#@# Fix Topology lh Fri Jan 19 20:27:06 UTC 2018
#@# Fix Topology rh Fri Jan 19 20:52:00 UTC 2018
#@# Make White Surf lh Fri Jan 19 21:23:09 UTC 2018
#@# Make White Surf rh Fri Jan 19 21:31:52 UTC 2018
#@# Smooth2 lh Fri Jan 19 21:40:53 UTC 2018
#@# Smooth2 rh Fri Jan 19 21:41:02 UTC 2018
#@# Inflation2 lh Fri Jan 19 21:41:12 UTC 2018
#@# Inflation2 rh Fri Jan 19 21:42:15 UTC 2018
#@# Curv .H and .K lh Fri Jan 19 21:43:16 UTC 2018
#@# Curv .H and .K rh Fri Jan 19 21:45:42 UTC 2018
#@# Curvature Stats lh Fri Jan 19 21:48:07 UTC 2018
#@# Curvature Stats rh Fri Jan 19 21:48:14 UTC 2018
#@# Sphere lh Fri Jan 19 21:48:21 UTC 2018
#@# Sphere rh Fri Jan 19 23:23:54 UTC 2018
#@# Surf Reg lh Sat Jan 20 00:14:55 UTC 2018
#@# Surf Reg rh Sat Jan 20 01:47:41 UTC 2018
#@# Jacobian white lh Sat Jan 20 03:12:39 UTC 2018
#@# Jacobian white rh Sat Jan 20 03:12:43 UTC 2018
#@# AvgCurv lh Sat Jan 20 03:12:46 UTC 2018
#@# AvgCurv rh Sat Jan 20 03:12:49 UTC 2018
#@# Cortical Parc lh Sat Jan 20 03:12:52 UTC 2018
#@# Cortical Parc rh Sat Jan 20 03:13:20 UTC 2018
#@# Make Pial Surf lh Sat Jan 20 03:13:50 UTC 2018
#@# Make Pial Surf rh Sat Jan 20 03:40:14 UTC 2018
#@# Surf Volume lh Sat Jan 20 04:06:10 UTC 2018
#@# Surf Volume rh Sat Jan 20 04:06:16 UTC 2018
#@# Cortical ribbon mask Sat Jan 20 04:06:22 UTC 2018
#@# Parcellation Stats lh Sat Jan 20 04:23:55 UTC 2018
#@# Parcellation Stats rh Sat Jan 20 04:26:17 UTC 2018
#@# Cortical Parc 2 lh Sat Jan 20 04:28:35 UTC 2018
#@# Cortical Parc 2 rh Sat Jan 20 04:29:07 UTC 2018
#@# Parcellation Stats 2 lh Sat Jan 20 04:29:39 UTC 2018
#@# Parcellation Stats 2 rh Sat Jan 20 04:30:49 UTC 2018
#@# Cortical Parc 3 lh Sat Jan 20 04:32:00 UTC 2018
#@# Cortical Parc 3 rh Sat Jan 20 04:32:24 UTC 2018
#@# Parcellation Stats 3 lh Sat Jan 20 04:32:48 UTC 2018
#@# Parcellation Stats 3 rh Sat Jan 20 04:33:57 UTC 2018
#@# WM/GM Contrast lh Sat Jan 20 04:35:04 UTC 2018
#@# WM/GM Contrast rh Sat Jan 20 04:35:15 UTC 2018
#@# Relabel Hypointensities Sat Jan 20 04:35:25 UTC 2018
#@# AParc-to-ASeg aparc Sat Jan 20 04:36:08 UTC 2018
#@# AParc-to-ASeg a2009s Sat Jan 20 04:44:46 UTC 2018
#@# AParc-to-ASeg DKTatlas Sat Jan 20 04:53:46 UTC 2018
#@# APas-to-ASeg Sat Jan 20 05:02:57 UTC 2018
#@# ASeg Stats Sat Jan 20 05:03:10 UTC 2018
#@# WMParc Sat Jan 20 05:10:47 UTC 2018
#@# BA_exvivo Labels lh Sat Jan 20 05:29:11 UTC 2018
#@# BA_exvivo Labels rh Sat Jan 20 05:37:09 UTC 2018
recon-all -s 3601 finished without error at Sat Jan 20 05:44:50 UTC 2018
