status file for recon-all
Mon Jan 15 18:11:36 UTC 2018
#@# MotionCor Mon Jan 15 18:11:47 UTC 2018
#@# Talairach Mon Jan 15 18:12:15 UTC 2018
#@# Talairach Failure Detection Mon Jan 15 18:17:05 UTC 2018
#@# Nu Intensity Correction Mon Jan 15 18:17:06 UTC 2018
#@# Intensity Normalization Mon Jan 15 18:23:47 UTC 2018
#@# Skull Stripping Mon Jan 15 18:31:13 UTC 2018
#@# EM Registration Mon Jan 15 20:01:47 UTC 2018
#@# CA Normalize Mon Jan 15 21:10:58 UTC 2018
#@# CA Reg Mon Jan 15 21:16:03 UTC 2018
#@# SubCort Seg Tue Jan 16 05:04:48 UTC 2018
#@# Merge ASeg Tue Jan 16 07:14:42 UTC 2018
#@# Intensity Normalization2 Tue Jan 16 07:14:42 UTC 2018
#@# Mask BFS Tue Jan 16 07:23:02 UTC 2018
#@# WM Segmentation Tue Jan 16 07:23:08 UTC 2018
#@# Fill Tue Jan 16 07:28:08 UTC 2018
#@# Tessellate lh Tue Jan 16 07:30:01 UTC 2018
#@# Tessellate rh Tue Jan 16 07:30:15 UTC 2018
#@# Smooth1 lh Tue Jan 16 07:30:29 UTC 2018
#@# Smooth1 rh Tue Jan 16 07:30:41 UTC 2018
#@# Inflation1 lh Tue Jan 16 07:30:54 UTC 2018
#@# Inflation1 rh Tue Jan 16 07:32:10 UTC 2018
#@# QSphere lh Tue Jan 16 07:33:25 UTC 2018
#@# QSphere rh Tue Jan 16 07:42:18 UTC 2018
#@# Fix Topology Copy lh Tue Jan 16 07:50:19 UTC 2018
#@# Fix Topology Copy rh Tue Jan 16 07:50:19 UTC 2018
#@# Fix Topology lh Tue Jan 16 07:50:19 UTC 2018
#@# Fix Topology rh Tue Jan 16 09:05:02 UTC 2018
#@# Make White Surf lh Tue Jan 16 10:05:04 UTC 2018
#@# Make White Surf rh Tue Jan 16 10:16:54 UTC 2018
#@# Smooth2 lh Tue Jan 16 10:28:29 UTC 2018
#@# Smooth2 rh Tue Jan 16 10:28:41 UTC 2018
#@# Inflation2 lh Tue Jan 16 10:28:54 UTC 2018
#@# Inflation2 rh Tue Jan 16 10:30:06 UTC 2018
#@# Curv .H and .K lh Tue Jan 16 10:31:18 UTC 2018
#@# Curv .H and .K rh Tue Jan 16 10:34:23 UTC 2018
#@# Curvature Stats lh Tue Jan 16 10:37:27 UTC 2018
#@# Curvature Stats rh Tue Jan 16 10:37:35 UTC 2018
#@# Sphere lh Tue Jan 16 10:37:44 UTC 2018
#@# Sphere rh Tue Jan 16 12:20:03 UTC 2018
#@# Surf Reg lh Tue Jan 16 14:24:12 UTC 2018
#@# Surf Reg rh Tue Jan 16 16:17:01 UTC 2018
#@# Jacobian white lh Tue Jan 16 18:23:59 UTC 2018
#@# Jacobian white rh Tue Jan 16 18:24:02 UTC 2018
#@# AvgCurv lh Tue Jan 16 18:24:06 UTC 2018
#@# AvgCurv rh Tue Jan 16 18:24:10 UTC 2018
#@# Cortical Parc lh Tue Jan 16 18:24:13 UTC 2018
#@# Cortical Parc rh Tue Jan 16 18:24:45 UTC 2018
#@# Make Pial Surf lh Tue Jan 16 18:25:14 UTC 2018
#@# Make Pial Surf rh Tue Jan 16 18:55:13 UTC 2018
#@# Surf Volume lh Tue Jan 16 19:23:20 UTC 2018
#@# Surf Volume rh Tue Jan 16 19:23:27 UTC 2018
#@# Cortical ribbon mask Tue Jan 16 19:23:34 UTC 2018
#@# Parcellation Stats lh Tue Jan 16 19:51:52 UTC 2018
#@# Parcellation Stats rh Tue Jan 16 19:54:24 UTC 2018
#@# Cortical Parc 2 lh Tue Jan 16 19:56:56 UTC 2018
#@# Cortical Parc 2 rh Tue Jan 16 19:57:31 UTC 2018
#@# Parcellation Stats 2 lh Tue Jan 16 19:58:08 UTC 2018
#@# Parcellation Stats 2 rh Tue Jan 16 19:59:24 UTC 2018
#@# Cortical Parc 3 lh Tue Jan 16 20:00:40 UTC 2018
#@# Cortical Parc 3 rh Tue Jan 16 20:01:07 UTC 2018
#@# Parcellation Stats 3 lh Tue Jan 16 20:01:33 UTC 2018
#@# Parcellation Stats 3 rh Tue Jan 16 20:02:48 UTC 2018
#@# WM/GM Contrast lh Tue Jan 16 20:04:03 UTC 2018
#@# WM/GM Contrast rh Tue Jan 16 20:04:14 UTC 2018
#@# Relabel Hypointensities Tue Jan 16 20:04:25 UTC 2018
#@# AParc-to-ASeg aparc Tue Jan 16 20:05:08 UTC 2018
#@# AParc-to-ASeg a2009s Tue Jan 16 20:13:31 UTC 2018
#@# AParc-to-ASeg DKTatlas Tue Jan 16 20:22:04 UTC 2018
#@# APas-to-ASeg Tue Jan 16 20:30:39 UTC 2018
#@# ASeg Stats Tue Jan 16 20:30:49 UTC 2018
#@# WMParc Tue Jan 16 20:35:58 UTC 2018
#@# BA_exvivo Labels lh Tue Jan 16 20:53:11 UTC 2018
#@# BA_exvivo Labels rh Tue Jan 16 21:01:58 UTC 2018
recon-all -s 3834 finished without error at Tue Jan 16 21:10:45 UTC 2018
