status file for recon-all
Wed Jan 17 02:18:26 UTC 2018
#@# MotionCor Wed Jan 17 02:18:37 UTC 2018
#@# Talairach Wed Jan 17 02:19:05 UTC 2018
#@# Talairach Failure Detection Wed Jan 17 02:24:00 UTC 2018
#@# Nu Intensity Correction Wed Jan 17 02:24:00 UTC 2018
#@# Intensity Normalization Wed Jan 17 02:30:40 UTC 2018
#@# Skull Stripping Wed Jan 17 02:37:37 UTC 2018
#@# EM Registration Wed Jan 17 03:50:05 UTC 2018
#@# CA Normalize Wed Jan 17 04:45:19 UTC 2018
#@# CA Reg Wed Jan 17 04:49:55 UTC 2018
#@# SubCort Seg Wed Jan 17 12:38:17 UTC 2018
#@# Merge ASeg Wed Jan 17 15:17:18 UTC 2018
#@# Intensity Normalization2 Wed Jan 17 15:17:18 UTC 2018
#@# Mask BFS Wed Jan 17 15:25:43 UTC 2018
#@# WM Segmentation Wed Jan 17 15:25:48 UTC 2018
#@# Fill Wed Jan 17 15:30:42 UTC 2018
#@# Tessellate lh Wed Jan 17 15:32:38 UTC 2018
#@# Tessellate rh Wed Jan 17 15:32:53 UTC 2018
#@# Smooth1 lh Wed Jan 17 15:33:08 UTC 2018
#@# Smooth1 rh Wed Jan 17 15:33:21 UTC 2018
#@# Inflation1 lh Wed Jan 17 15:33:34 UTC 2018
#@# Inflation1 rh Wed Jan 17 15:34:54 UTC 2018
#@# QSphere lh Wed Jan 17 15:36:17 UTC 2018
#@# QSphere rh Wed Jan 17 15:44:43 UTC 2018
#@# Fix Topology Copy lh Wed Jan 17 15:53:23 UTC 2018
#@# Fix Topology Copy rh Wed Jan 17 15:53:23 UTC 2018
#@# Fix Topology lh Wed Jan 17 15:53:23 UTC 2018
#@# Fix Topology rh Wed Jan 17 16:57:11 UTC 2018
#@# Make White Surf lh Wed Jan 17 18:24:06 UTC 2018
#@# Make White Surf rh Wed Jan 17 18:36:05 UTC 2018
#@# Smooth2 lh Wed Jan 17 18:48:24 UTC 2018
#@# Smooth2 rh Wed Jan 17 18:48:36 UTC 2018
#@# Inflation2 lh Wed Jan 17 18:48:50 UTC 2018
#@# Inflation2 rh Wed Jan 17 18:50:14 UTC 2018
#@# Curv .H and .K lh Wed Jan 17 18:51:36 UTC 2018
#@# Curv .H and .K rh Wed Jan 17 18:54:58 UTC 2018
#@# Curvature Stats lh Wed Jan 17 18:58:26 UTC 2018
#@# Curvature Stats rh Wed Jan 17 18:58:35 UTC 2018
#@# Sphere lh Wed Jan 17 18:58:45 UTC 2018
#@# Sphere rh Wed Jan 17 21:04:39 UTC 2018
#@# Surf Reg lh Wed Jan 17 23:07:45 UTC 2018
#@# Surf Reg rh Thu Jan 18 01:16:11 UTC 2018
#@# Jacobian white lh Thu Jan 18 03:29:19 UTC 2018
#@# Jacobian white rh Thu Jan 18 03:29:24 UTC 2018
#@# AvgCurv lh Thu Jan 18 03:29:30 UTC 2018
#@# AvgCurv rh Thu Jan 18 03:29:34 UTC 2018
#@# Cortical Parc lh Thu Jan 18 03:29:38 UTC 2018
#@# Cortical Parc rh Thu Jan 18 03:30:16 UTC 2018
#@# Make Pial Surf lh Thu Jan 18 03:30:52 UTC 2018
#@# Make Pial Surf rh Thu Jan 18 04:07:07 UTC 2018
#@# Surf Volume lh Thu Jan 18 04:44:36 UTC 2018
#@# Surf Volume rh Thu Jan 18 04:44:45 UTC 2018
#@# Cortical ribbon mask Thu Jan 18 04:44:53 UTC 2018
#@# Parcellation Stats lh Thu Jan 18 05:30:57 UTC 2018
#@# Parcellation Stats rh Thu Jan 18 05:34:45 UTC 2018
#@# Cortical Parc 2 lh Thu Jan 18 05:38:29 UTC 2018
#@# Cortical Parc 2 rh Thu Jan 18 05:39:16 UTC 2018
#@# Parcellation Stats 2 lh Thu Jan 18 05:40:04 UTC 2018
#@# Parcellation Stats 2 rh Thu Jan 18 05:41:59 UTC 2018
#@# Cortical Parc 3 lh Thu Jan 18 05:43:56 UTC 2018
#@# Cortical Parc 3 rh Thu Jan 18 05:44:34 UTC 2018
#@# Parcellation Stats 3 lh Thu Jan 18 05:45:15 UTC 2018
#@# Parcellation Stats 3 rh Thu Jan 18 05:47:14 UTC 2018
#@# WM/GM Contrast lh Thu Jan 18 05:49:06 UTC 2018
#@# WM/GM Contrast rh Thu Jan 18 05:49:21 UTC 2018
#@# Relabel Hypointensities Thu Jan 18 05:49:37 UTC 2018
#@# AParc-to-ASeg aparc Thu Jan 18 05:50:38 UTC 2018
#@# AParc-to-ASeg a2009s Thu Jan 18 06:04:04 UTC 2018
#@# AParc-to-ASeg DKTatlas Thu Jan 18 06:17:48 UTC 2018
#@# APas-to-ASeg Thu Jan 18 06:31:13 UTC 2018
#@# ASeg Stats Thu Jan 18 06:31:31 UTC 2018
#@# WMParc Thu Jan 18 06:40:14 UTC 2018
#@# BA_exvivo Labels lh Thu Jan 18 07:06:54 UTC 2018
#@# BA_exvivo Labels rh Thu Jan 18 07:18:48 UTC 2018
recon-all -s 3587 finished without error at Thu Jan 18 07:30:43 UTC 2018
