status file for recon-all
Wed Jan 17 02:17:00 UTC 2018
#@# MotionCor Wed Jan 17 02:17:07 UTC 2018
#@# Talairach Wed Jan 17 02:17:28 UTC 2018
#@# Talairach Failure Detection Wed Jan 17 02:21:32 UTC 2018
#@# Nu Intensity Correction Wed Jan 17 02:21:32 UTC 2018
#@# Intensity Normalization Wed Jan 17 02:27:02 UTC 2018
#@# Skull Stripping Wed Jan 17 02:33:17 UTC 2018
#@# EM Registration Wed Jan 17 03:34:44 UTC 2018
#@# CA Normalize Wed Jan 17 04:36:08 UTC 2018
#@# CA Reg Wed Jan 17 04:40:35 UTC 2018
#@# SubCort Seg Wed Jan 17 12:04:46 UTC 2018
#@# Merge ASeg Wed Jan 17 14:37:41 UTC 2018
#@# Intensity Normalization2 Wed Jan 17 14:37:42 UTC 2018
#@# Mask BFS Wed Jan 17 14:45:40 UTC 2018
#@# WM Segmentation Wed Jan 17 14:45:45 UTC 2018
#@# Fill Wed Jan 17 14:50:31 UTC 2018
#@# Tessellate lh Wed Jan 17 14:52:27 UTC 2018
#@# Tessellate rh Wed Jan 17 14:52:40 UTC 2018
#@# Smooth1 lh Wed Jan 17 14:52:53 UTC 2018
#@# Smooth1 rh Wed Jan 17 14:53:04 UTC 2018
#@# Inflation1 lh Wed Jan 17 14:53:15 UTC 2018
#@# Inflation1 rh Wed Jan 17 14:54:20 UTC 2018
#@# QSphere lh Wed Jan 17 14:55:22 UTC 2018
#@# QSphere rh Wed Jan 17 15:01:56 UTC 2018
#@# Fix Topology Copy lh Wed Jan 17 15:08:45 UTC 2018
#@# Fix Topology Copy rh Wed Jan 17 15:08:45 UTC 2018
#@# Fix Topology lh Wed Jan 17 15:08:45 UTC 2018
#@# Fix Topology rh Wed Jan 17 16:36:52 UTC 2018
#@# Make White Surf lh Wed Jan 17 18:18:29 UTC 2018
#@# Make White Surf rh Wed Jan 17 18:27:59 UTC 2018
#@# Smooth2 lh Wed Jan 17 18:37:24 UTC 2018
#@# Smooth2 rh Wed Jan 17 18:37:34 UTC 2018
#@# Inflation2 lh Wed Jan 17 18:37:45 UTC 2018
#@# Inflation2 rh Wed Jan 17 18:38:49 UTC 2018
#@# Curv .H and .K lh Wed Jan 17 18:39:54 UTC 2018
#@# Curv .H and .K rh Wed Jan 17 18:42:36 UTC 2018
#@# Curvature Stats lh Wed Jan 17 18:45:17 UTC 2018
#@# Curvature Stats rh Wed Jan 17 18:45:24 UTC 2018
#@# Sphere lh Wed Jan 17 18:45:31 UTC 2018
#@# Sphere rh Wed Jan 17 20:09:40 UTC 2018
#@# Surf Reg lh Wed Jan 17 21:58:52 UTC 2018
#@# Surf Reg rh Wed Jan 17 23:34:31 UTC 2018
#@# Jacobian white lh Thu Jan 18 01:16:20 UTC 2018
#@# Jacobian white rh Thu Jan 18 01:16:24 UTC 2018
#@# AvgCurv lh Thu Jan 18 01:16:28 UTC 2018
#@# AvgCurv rh Thu Jan 18 01:16:32 UTC 2018
#@# Cortical Parc lh Thu Jan 18 01:16:35 UTC 2018
#@# Cortical Parc rh Thu Jan 18 01:17:08 UTC 2018
#@# Make Pial Surf lh Thu Jan 18 01:17:39 UTC 2018
#@# Make Pial Surf rh Thu Jan 18 01:45:37 UTC 2018
#@# Surf Volume lh Thu Jan 18 02:15:48 UTC 2018
#@# Surf Volume rh Thu Jan 18 02:15:57 UTC 2018
#@# Cortical ribbon mask Thu Jan 18 02:16:04 UTC 2018
#@# Parcellation Stats lh Thu Jan 18 02:46:11 UTC 2018
#@# Parcellation Stats rh Thu Jan 18 02:49:23 UTC 2018
#@# Cortical Parc 2 lh Thu Jan 18 02:52:24 UTC 2018
#@# Cortical Parc 2 rh Thu Jan 18 02:53:07 UTC 2018
#@# Parcellation Stats 2 lh Thu Jan 18 02:53:49 UTC 2018
#@# Parcellation Stats 2 rh Thu Jan 18 02:55:26 UTC 2018
#@# Cortical Parc 3 lh Thu Jan 18 02:57:01 UTC 2018
#@# Cortical Parc 3 rh Thu Jan 18 02:57:35 UTC 2018
#@# Parcellation Stats 3 lh Thu Jan 18 02:58:08 UTC 2018
#@# Parcellation Stats 3 rh Thu Jan 18 02:59:38 UTC 2018
#@# WM/GM Contrast lh Thu Jan 18 03:01:11 UTC 2018
#@# WM/GM Contrast rh Thu Jan 18 03:01:26 UTC 2018
#@# Relabel Hypointensities Thu Jan 18 03:01:40 UTC 2018
#@# AParc-to-ASeg aparc Thu Jan 18 03:02:39 UTC 2018
#@# AParc-to-ASeg a2009s Thu Jan 18 03:14:22 UTC 2018
#@# AParc-to-ASeg DKTatlas Thu Jan 18 03:26:06 UTC 2018
#@# APas-to-ASeg Thu Jan 18 03:37:14 UTC 2018
#@# ASeg Stats Thu Jan 18 03:37:30 UTC 2018
#@# WMParc Thu Jan 18 03:49:37 UTC 2018
#@# BA_exvivo Labels lh Thu Jan 18 04:14:15 UTC 2018
#@# BA_exvivo Labels rh Thu Jan 18 04:25:33 UTC 2018
recon-all -s 3574 finished without error at Thu Jan 18 04:36:58 UTC 2018
