status file for recon-all
Mon Jan 15 18:07:22 UTC 2018
#@# MotionCor Mon Jan 15 18:07:29 UTC 2018
#@# Talairach Mon Jan 15 18:07:49 UTC 2018
#@# Talairach Failure Detection Mon Jan 15 18:11:55 UTC 2018
#@# Nu Intensity Correction Mon Jan 15 18:11:56 UTC 2018
#@# Intensity Normalization Mon Jan 15 18:18:21 UTC 2018
#@# Skull Stripping Mon Jan 15 18:24:49 UTC 2018
#@# EM Registration Mon Jan 15 19:19:02 UTC 2018
#@# CA Normalize Mon Jan 15 20:22:31 UTC 2018
#@# CA Reg Mon Jan 15 20:27:35 UTC 2018
#@# SubCort Seg Tue Jan 16 04:13:40 UTC 2018
#@# Merge ASeg Tue Jan 16 06:43:18 UTC 2018
#@# Intensity Normalization2 Tue Jan 16 06:43:18 UTC 2018
#@# Mask BFS Tue Jan 16 06:51:19 UTC 2018
#@# WM Segmentation Tue Jan 16 06:51:24 UTC 2018
#@# Fill Tue Jan 16 06:56:45 UTC 2018
#@# Tessellate lh Tue Jan 16 06:58:32 UTC 2018
#@# Tessellate rh Tue Jan 16 06:58:46 UTC 2018
#@# Smooth1 lh Tue Jan 16 06:59:01 UTC 2018
#@# Smooth1 rh Tue Jan 16 06:59:15 UTC 2018
#@# Inflation1 lh Tue Jan 16 06:59:28 UTC 2018
#@# Inflation1 rh Tue Jan 16 07:00:56 UTC 2018
#@# QSphere lh Tue Jan 16 07:02:18 UTC 2018
#@# QSphere rh Tue Jan 16 07:11:24 UTC 2018
#@# Fix Topology Copy lh Tue Jan 16 07:20:12 UTC 2018
#@# Fix Topology Copy rh Tue Jan 16 07:20:12 UTC 2018
#@# Fix Topology lh Tue Jan 16 07:20:12 UTC 2018
#@# Fix Topology rh Tue Jan 16 09:41:07 UTC 2018
#@# Make White Surf lh Tue Jan 16 11:01:25 UTC 2018
#@# Make White Surf rh Tue Jan 16 11:14:06 UTC 2018
#@# Smooth2 lh Tue Jan 16 11:26:44 UTC 2018
#@# Smooth2 rh Tue Jan 16 11:26:58 UTC 2018
#@# Inflation2 lh Tue Jan 16 11:27:13 UTC 2018
#@# Inflation2 rh Tue Jan 16 11:28:43 UTC 2018
#@# Curv .H and .K lh Tue Jan 16 11:30:12 UTC 2018
#@# Curv .H and .K rh Tue Jan 16 11:33:45 UTC 2018
#@# Curvature Stats lh Tue Jan 16 11:37:21 UTC 2018
#@# Curvature Stats rh Tue Jan 16 11:37:30 UTC 2018
#@# Sphere lh Tue Jan 16 11:37:39 UTC 2018
#@# Sphere rh Tue Jan 16 13:25:09 UTC 2018
#@# Surf Reg lh Tue Jan 16 15:20:50 UTC 2018
#@# Surf Reg rh Tue Jan 16 17:40:37 UTC 2018
#@# Jacobian white lh Tue Jan 16 19:40:05 UTC 2018
#@# Jacobian white rh Tue Jan 16 19:40:09 UTC 2018
#@# AvgCurv lh Tue Jan 16 19:40:12 UTC 2018
#@# AvgCurv rh Tue Jan 16 19:40:16 UTC 2018
#@# Cortical Parc lh Tue Jan 16 19:40:19 UTC 2018
#@# Cortical Parc rh Tue Jan 16 19:40:48 UTC 2018
#@# Make Pial Surf lh Tue Jan 16 19:41:17 UTC 2018
#@# Make Pial Surf rh Tue Jan 16 20:11:54 UTC 2018
#@# Surf Volume lh Tue Jan 16 20:41:32 UTC 2018
#@# Surf Volume rh Tue Jan 16 20:41:39 UTC 2018
#@# Cortical ribbon mask Tue Jan 16 20:41:45 UTC 2018
#@# Parcellation Stats lh Tue Jan 16 21:17:36 UTC 2018
#@# Parcellation Stats rh Tue Jan 16 21:20:27 UTC 2018
#@# Cortical Parc 2 lh Tue Jan 16 21:23:07 UTC 2018
#@# Cortical Parc 2 rh Tue Jan 16 21:23:42 UTC 2018
#@# Parcellation Stats 2 lh Tue Jan 16 21:24:17 UTC 2018
#@# Parcellation Stats 2 rh Tue Jan 16 21:25:47 UTC 2018
#@# Cortical Parc 3 lh Tue Jan 16 21:27:18 UTC 2018
#@# Cortical Parc 3 rh Tue Jan 16 21:27:51 UTC 2018
#@# Parcellation Stats 3 lh Tue Jan 16 21:28:21 UTC 2018
#@# Parcellation Stats 3 rh Tue Jan 16 21:29:52 UTC 2018
#@# WM/GM Contrast lh Tue Jan 16 21:31:24 UTC 2018
#@# WM/GM Contrast rh Tue Jan 16 21:31:37 UTC 2018
#@# Relabel Hypointensities Tue Jan 16 21:31:50 UTC 2018
#@# AParc-to-ASeg aparc Tue Jan 16 21:32:35 UTC 2018
#@# AParc-to-ASeg a2009s Tue Jan 16 21:41:03 UTC 2018
#@# AParc-to-ASeg DKTatlas Tue Jan 16 21:49:35 UTC 2018
#@# APas-to-ASeg Tue Jan 16 21:58:08 UTC 2018
#@# ASeg Stats Tue Jan 16 21:58:19 UTC 2018
#@# WMParc Tue Jan 16 22:03:13 UTC 2018
#@# BA_exvivo Labels lh Tue Jan 16 22:21:14 UTC 2018
#@# BA_exvivo Labels rh Tue Jan 16 22:30:59 UTC 2018
recon-all -s 4013 finished without error at Tue Jan 16 22:40:42 UTC 2018
