status file for recon-all
Sun Dec 31 02:02:27 UTC 2017
#@# MotionCor Sun Dec 31 02:02:34 UTC 2017
#@# Talairach Sun Dec 31 02:02:54 UTC 2017
#@# Talairach Failure Detection Sun Dec 31 02:06:55 UTC 2017
#@# Nu Intensity Correction Sun Dec 31 02:06:55 UTC 2017
#@# Intensity Normalization Sun Dec 31 02:12:45 UTC 2017
#@# Skull Stripping Sun Dec 31 02:19:12 UTC 2017
#@# EM Registration Sun Dec 31 03:25:33 UTC 2017
#@# CA Normalize Sun Dec 31 04:16:49 UTC 2017
#@# CA Reg Sun Dec 31 04:21:29 UTC 2017
#@# SubCort Seg Sun Dec 31 12:51:58 UTC 2017
#@# Merge ASeg Sun Dec 31 15:23:42 UTC 2017
#@# Intensity Normalization2 Sun Dec 31 15:23:42 UTC 2017
#@# Mask BFS Sun Dec 31 15:32:45 UTC 2017
#@# WM Segmentation Sun Dec 31 15:32:51 UTC 2017
#@# Fill Sun Dec 31 15:37:50 UTC 2017
#@# Tessellate lh Sun Dec 31 15:39:57 UTC 2017
#@# Tessellate rh Sun Dec 31 15:40:14 UTC 2017
#@# Smooth1 lh Sun Dec 31 15:40:32 UTC 2017
#@# Smooth1 rh Sun Dec 31 15:40:45 UTC 2017
#@# Inflation1 lh Sun Dec 31 15:40:58 UTC 2017
#@# Inflation1 rh Sun Dec 31 15:42:21 UTC 2017
#@# QSphere lh Sun Dec 31 15:43:42 UTC 2017
#@# QSphere rh Sun Dec 31 15:52:05 UTC 2017
#@# Fix Topology Copy lh Sun Dec 31 16:00:33 UTC 2017
#@# Fix Topology Copy rh Sun Dec 31 16:00:33 UTC 2017
#@# Fix Topology lh Sun Dec 31 16:00:33 UTC 2017
#@# Fix Topology rh Sun Dec 31 17:58:53 UTC 2017
#@# Make White Surf lh Sun Dec 31 19:57:33 UTC 2017
#@# Make White Surf rh Sun Dec 31 20:09:57 UTC 2017
#@# Smooth2 lh Sun Dec 31 20:21:37 UTC 2017
#@# Smooth2 rh Sun Dec 31 20:21:51 UTC 2017
#@# Inflation2 lh Sun Dec 31 20:22:04 UTC 2017
#@# Inflation2 rh Sun Dec 31 20:23:27 UTC 2017
#@# Curv .H and .K lh Sun Dec 31 20:24:49 UTC 2017
#@# Curv .H and .K rh Sun Dec 31 20:28:13 UTC 2017
#@# Curvature Stats lh Sun Dec 31 20:31:35 UTC 2017
#@# Curvature Stats rh Sun Dec 31 20:31:44 UTC 2017
#@# Sphere lh Sun Dec 31 20:31:52 UTC 2017
#@# Sphere rh Sun Dec 31 22:34:12 UTC 2017
#@# Surf Reg lh Mon Jan  1 02:24:08 UTC 2018
#@# Surf Reg rh Mon Jan  1 04:20:51 UTC 2018
#@# Jacobian white lh Mon Jan  1 06:32:05 UTC 2018
#@# Jacobian white rh Mon Jan  1 06:32:08 UTC 2018
#@# AvgCurv lh Mon Jan  1 06:32:12 UTC 2018
#@# AvgCurv rh Mon Jan  1 06:32:16 UTC 2018
#@# Cortical Parc lh Mon Jan  1 06:32:19 UTC 2018
#@# Cortical Parc rh Mon Jan  1 06:32:51 UTC 2018
#@# Make Pial Surf lh Mon Jan  1 06:33:21 UTC 2018
#@# Make Pial Surf rh Mon Jan  1 07:04:14 UTC 2018
#@# Surf Volume lh Mon Jan  1 07:35:44 UTC 2018
#@# Surf Volume rh Mon Jan  1 07:35:51 UTC 2018
#@# Cortical ribbon mask Mon Jan  1 07:35:58 UTC 2018
#@# Parcellation Stats lh Mon Jan  1 08:10:45 UTC 2018
#@# Parcellation Stats rh Mon Jan  1 08:13:59 UTC 2018
#@# Cortical Parc 2 lh Mon Jan  1 08:17:03 UTC 2018
#@# Cortical Parc 2 rh Mon Jan  1 08:17:47 UTC 2018
#@# Parcellation Stats 2 lh Mon Jan  1 08:18:29 UTC 2018
#@# Parcellation Stats 2 rh Mon Jan  1 08:20:05 UTC 2018
#@# Cortical Parc 3 lh Mon Jan  1 08:21:43 UTC 2018
#@# Cortical Parc 3 rh Mon Jan  1 08:22:16 UTC 2018
#@# Parcellation Stats 3 lh Mon Jan  1 08:22:48 UTC 2018
#@# Parcellation Stats 3 rh Mon Jan  1 08:24:21 UTC 2018
#@# WM/GM Contrast lh Mon Jan  1 08:25:45 UTC 2018
#@# WM/GM Contrast rh Mon Jan  1 08:25:58 UTC 2018
#@# Relabel Hypointensities Mon Jan  1 08:26:11 UTC 2018
#@# AParc-to-ASeg aparc Mon Jan  1 08:27:05 UTC 2018
#@# AParc-to-ASeg a2009s Mon Jan  1 08:38:25 UTC 2018
#@# AParc-to-ASeg DKTatlas Mon Jan  1 08:49:29 UTC 2018
#@# APas-to-ASeg Mon Jan  1 09:00:01 UTC 2018
#@# ASeg Stats Mon Jan  1 09:00:14 UTC 2018
#@# WMParc Mon Jan  1 09:08:27 UTC 2018
#@# BA_exvivo Labels lh Mon Jan  1 09:30:41 UTC 2018
#@# BA_exvivo Labels rh Mon Jan  1 09:40:50 UTC 2018
recon-all -s 3119 finished without error at Mon Jan  1 09:50:53 UTC 2018
