status file for recon-all
Sun Dec 31 02:00:59 UTC 2017
#@# MotionCor Sun Dec 31 02:01:06 UTC 2017
#@# Talairach Sun Dec 31 02:01:25 UTC 2017
#@# Talairach Failure Detection Sun Dec 31 02:05:04 UTC 2017
#@# Nu Intensity Correction Sun Dec 31 02:05:04 UTC 2017
#@# Intensity Normalization Sun Dec 31 02:11:12 UTC 2017
#@# Skull Stripping Sun Dec 31 02:17:33 UTC 2017
#@# EM Registration Sun Dec 31 03:30:04 UTC 2017
#@# CA Normalize Sun Dec 31 04:36:40 UTC 2017
#@# CA Reg Sun Dec 31 04:41:22 UTC 2017
#@# SubCort Seg Sun Dec 31 11:53:59 UTC 2017
#@# Merge ASeg Sun Dec 31 14:32:27 UTC 2017
#@# Intensity Normalization2 Sun Dec 31 14:32:28 UTC 2017
#@# Mask BFS Sun Dec 31 14:41:14 UTC 2017
#@# WM Segmentation Sun Dec 31 14:41:19 UTC 2017
#@# Fill Sun Dec 31 14:46:08 UTC 2017
#@# Tessellate lh Sun Dec 31 14:48:09 UTC 2017
#@# Tessellate rh Sun Dec 31 14:48:24 UTC 2017
#@# Smooth1 lh Sun Dec 31 14:48:39 UTC 2017
#@# Smooth1 rh Sun Dec 31 14:48:50 UTC 2017
#@# Inflation1 lh Sun Dec 31 14:49:01 UTC 2017
#@# Inflation1 rh Sun Dec 31 14:50:08 UTC 2017
#@# QSphere lh Sun Dec 31 14:51:08 UTC 2017
#@# QSphere rh Sun Dec 31 14:57:59 UTC 2017
#@# Fix Topology Copy lh Sun Dec 31 15:05:04 UTC 2017
#@# Fix Topology Copy rh Sun Dec 31 15:05:04 UTC 2017
#@# Fix Topology lh Sun Dec 31 15:05:04 UTC 2017
#@# Fix Topology rh Sun Dec 31 16:22:54 UTC 2017
#@# Make White Surf lh Sun Dec 31 17:25:54 UTC 2017
#@# Make White Surf rh Sun Dec 31 17:35:45 UTC 2017
#@# Smooth2 lh Sun Dec 31 17:45:43 UTC 2017
#@# Smooth2 rh Sun Dec 31 17:45:54 UTC 2017
#@# Inflation2 lh Sun Dec 31 17:46:05 UTC 2017
#@# Inflation2 rh Sun Dec 31 17:47:12 UTC 2017
#@# Curv .H and .K lh Sun Dec 31 17:48:20 UTC 2017
#@# Curv .H and .K rh Sun Dec 31 17:51:04 UTC 2017
#@# Curvature Stats lh Sun Dec 31 17:53:57 UTC 2017
#@# Curvature Stats rh Sun Dec 31 17:54:04 UTC 2017
#@# Sphere lh Sun Dec 31 17:54:11 UTC 2017
#@# Sphere rh Sun Dec 31 19:18:52 UTC 2017
#@# Surf Reg lh Sun Dec 31 20:44:09 UTC 2017
#@# Surf Reg rh Sun Dec 31 22:31:00 UTC 2017
#@# Jacobian white lh Mon Jan  1 00:25:10 UTC 2018
#@# Jacobian white rh Mon Jan  1 00:25:14 UTC 2018
#@# AvgCurv lh Mon Jan  1 00:25:18 UTC 2018
#@# AvgCurv rh Mon Jan  1 00:25:21 UTC 2018
#@# Cortical Parc lh Mon Jan  1 00:25:24 UTC 2018
#@# Cortical Parc rh Mon Jan  1 00:25:59 UTC 2018
#@# Make Pial Surf lh Mon Jan  1 00:26:35 UTC 2018
#@# Make Pial Surf rh Mon Jan  1 00:54:22 UTC 2018
#@# Surf Volume lh Mon Jan  1 01:21:21 UTC 2018
#@# Surf Volume rh Mon Jan  1 01:21:28 UTC 2018
#@# Cortical ribbon mask Mon Jan  1 01:21:35 UTC 2018
#@# Parcellation Stats lh Mon Jan  1 01:47:10 UTC 2018
#@# Parcellation Stats rh Mon Jan  1 01:50:02 UTC 2018
#@# Cortical Parc 2 lh Mon Jan  1 01:52:59 UTC 2018
#@# Cortical Parc 2 rh Mon Jan  1 01:53:38 UTC 2018
#@# Parcellation Stats 2 lh Mon Jan  1 01:54:20 UTC 2018
#@# Parcellation Stats 2 rh Mon Jan  1 01:55:47 UTC 2018
#@# Cortical Parc 3 lh Mon Jan  1 01:57:14 UTC 2018
#@# Cortical Parc 3 rh Mon Jan  1 01:57:46 UTC 2018
#@# Parcellation Stats 3 lh Mon Jan  1 01:58:19 UTC 2018
#@# Parcellation Stats 3 rh Mon Jan  1 01:59:43 UTC 2018
#@# WM/GM Contrast lh Mon Jan  1 02:01:09 UTC 2018
#@# WM/GM Contrast rh Mon Jan  1 02:01:23 UTC 2018
#@# Relabel Hypointensities Mon Jan  1 02:01:36 UTC 2018
#@# AParc-to-ASeg aparc Mon Jan  1 02:02:32 UTC 2018
#@# AParc-to-ASeg a2009s Mon Jan  1 02:13:49 UTC 2018
#@# AParc-to-ASeg DKTatlas Mon Jan  1 02:25:26 UTC 2018
#@# APas-to-ASeg Mon Jan  1 02:38:14 UTC 2018
#@# ASeg Stats Mon Jan  1 02:38:32 UTC 2018
#@# WMParc Mon Jan  1 02:49:33 UTC 2018
#@# BA_exvivo Labels lh Mon Jan  1 03:19:20 UTC 2018
#@# BA_exvivo Labels rh Mon Jan  1 03:30:51 UTC 2018
recon-all -s 3116 finished without error at Mon Jan  1 03:42:23 UTC 2018
