status file for recon-all
Fri Jan 12 01:53:09 UTC 2018
#@# MotionCor Fri Jan 12 01:53:19 UTC 2018
#@# Talairach Fri Jan 12 01:53:56 UTC 2018
#@# Talairach Failure Detection Fri Jan 12 01:57:34 UTC 2018
#@# Nu Intensity Correction Fri Jan 12 01:57:34 UTC 2018
#@# Intensity Normalization Fri Jan 12 02:02:12 UTC 2018
#@# Skull Stripping Fri Jan 12 02:07:50 UTC 2018
#@# EM Registration Fri Jan 12 02:55:47 UTC 2018
#@# CA Normalize Fri Jan 12 03:36:19 UTC 2018
#@# CA Reg Fri Jan 12 03:40:09 UTC 2018
#@# SubCort Seg Fri Jan 12 10:45:28 UTC 2018
#@# Merge ASeg Fri Jan 12 13:47:45 UTC 2018
#@# Intensity Normalization2 Fri Jan 12 13:47:45 UTC 2018
#@# Mask BFS Fri Jan 12 13:55:32 UTC 2018
#@# WM Segmentation Fri Jan 12 13:55:36 UTC 2018
#@# Fill Fri Jan 12 14:01:18 UTC 2018
#@# Tessellate lh Fri Jan 12 14:03:14 UTC 2018
#@# Tessellate rh Fri Jan 12 14:03:28 UTC 2018
#@# Smooth1 lh Fri Jan 12 14:03:42 UTC 2018
#@# Smooth1 rh Fri Jan 12 14:03:55 UTC 2018
#@# Inflation1 lh Fri Jan 12 14:04:07 UTC 2018
#@# Inflation1 rh Fri Jan 12 14:05:24 UTC 2018
#@# QSphere lh Fri Jan 12 14:06:39 UTC 2018
#@# QSphere rh Fri Jan 12 14:14:07 UTC 2018
#@# Fix Topology Copy lh Fri Jan 12 14:21:59 UTC 2018
#@# Fix Topology Copy rh Fri Jan 12 14:21:59 UTC 2018
#@# Fix Topology lh Fri Jan 12 14:21:59 UTC 2018
#@# Fix Topology rh Fri Jan 12 15:50:05 UTC 2018
#@# Make White Surf lh Fri Jan 12 17:42:39 UTC 2018
#@# Make White Surf rh Fri Jan 12 17:52:21 UTC 2018
#@# Smooth2 lh Fri Jan 12 18:02:42 UTC 2018
#@# Smooth2 rh Fri Jan 12 18:02:54 UTC 2018
#@# Inflation2 lh Fri Jan 12 18:03:06 UTC 2018
#@# Inflation2 rh Fri Jan 12 18:04:29 UTC 2018
#@# Curv .H and .K lh Fri Jan 12 18:05:54 UTC 2018
#@# Curv .H and .K rh Fri Jan 12 18:09:20 UTC 2018
#@# Curvature Stats lh Fri Jan 12 18:12:47 UTC 2018
#@# Curvature Stats rh Fri Jan 12 18:12:57 UTC 2018
#@# Sphere lh Fri Jan 12 18:13:06 UTC 2018
#@# Sphere rh Fri Jan 12 20:05:51 UTC 2018
#@# Surf Reg lh Fri Jan 12 21:54:18 UTC 2018
#@# Surf Reg rh Fri Jan 12 23:51:31 UTC 2018
#@# Jacobian white lh Sat Jan 13 01:32:03 UTC 2018
#@# Jacobian white rh Sat Jan 13 01:32:07 UTC 2018
#@# AvgCurv lh Sat Jan 13 01:32:11 UTC 2018
#@# AvgCurv rh Sat Jan 13 01:32:14 UTC 2018
#@# Cortical Parc lh Sat Jan 13 01:32:17 UTC 2018
#@# Cortical Parc rh Sat Jan 13 01:32:46 UTC 2018
#@# Make Pial Surf lh Sat Jan 13 01:33:14 UTC 2018
#@# Make Pial Surf rh Sat Jan 13 01:58:26 UTC 2018
#@# Surf Volume lh Sat Jan 13 02:23:11 UTC 2018
#@# Surf Volume rh Sat Jan 13 02:23:17 UTC 2018
#@# Cortical ribbon mask Sat Jan 13 02:23:22 UTC 2018
#@# Parcellation Stats lh Sat Jan 13 02:39:30 UTC 2018
#@# Parcellation Stats rh Sat Jan 13 02:41:55 UTC 2018
#@# Cortical Parc 2 lh Sat Jan 13 02:44:20 UTC 2018
#@# Cortical Parc 2 rh Sat Jan 13 02:44:53 UTC 2018
#@# Parcellation Stats 2 lh Sat Jan 13 02:45:25 UTC 2018
#@# Parcellation Stats 2 rh Sat Jan 13 02:46:40 UTC 2018
#@# Cortical Parc 3 lh Sat Jan 13 02:47:55 UTC 2018
#@# Cortical Parc 3 rh Sat Jan 13 02:48:20 UTC 2018
#@# Parcellation Stats 3 lh Sat Jan 13 02:48:46 UTC 2018
#@# Parcellation Stats 3 rh Sat Jan 13 02:50:00 UTC 2018
#@# WM/GM Contrast lh Sat Jan 13 02:51:15 UTC 2018
#@# WM/GM Contrast rh Sat Jan 13 02:51:28 UTC 2018
#@# Relabel Hypointensities Sat Jan 13 02:51:41 UTC 2018
#@# AParc-to-ASeg aparc Sat Jan 13 02:52:23 UTC 2018
#@# AParc-to-ASeg a2009s Sat Jan 13 03:03:23 UTC 2018
#@# AParc-to-ASeg DKTatlas Sat Jan 13 03:14:27 UTC 2018
#@# APas-to-ASeg Sat Jan 13 03:25:20 UTC 2018
#@# ASeg Stats Sat Jan 13 03:25:32 UTC 2018
#@# WMParc Sat Jan 13 03:31:03 UTC 2018
#@# BA_exvivo Labels lh Sat Jan 13 03:49:05 UTC 2018
#@# BA_exvivo Labels rh Sat Jan 13 03:57:52 UTC 2018
recon-all -s 3709 finished without error at Sat Jan 13 04:06:34 UTC 2018
