status file for recon-all
Sat Jan 13 07:48:13 UTC 2018
#@# MotionCor Sat Jan 13 07:48:22 UTC 2018
#@# Talairach Sat Jan 13 07:48:47 UTC 2018
#@# Talairach Failure Detection Sat Jan 13 07:52:43 UTC 2018
#@# Nu Intensity Correction Sat Jan 13 07:52:43 UTC 2018
#@# Intensity Normalization Sat Jan 13 07:57:39 UTC 2018
#@# Skull Stripping Sat Jan 13 08:03:14 UTC 2018
#@# EM Registration Sat Jan 13 08:56:39 UTC 2018
#@# CA Normalize Sat Jan 13 09:38:04 UTC 2018
#@# CA Reg Sat Jan 13 09:42:02 UTC 2018
#@# SubCort Seg Sat Jan 13 16:27:30 UTC 2018
#@# Merge ASeg Sat Jan 13 18:55:41 UTC 2018
#@# Intensity Normalization2 Sat Jan 13 18:55:41 UTC 2018
#@# Mask BFS Sat Jan 13 19:03:39 UTC 2018
#@# WM Segmentation Sat Jan 13 19:03:43 UTC 2018
#@# Fill Sat Jan 13 19:08:06 UTC 2018
#@# Tessellate lh Sat Jan 13 19:10:19 UTC 2018
#@# Tessellate rh Sat Jan 13 19:10:34 UTC 2018
#@# Smooth1 lh Sat Jan 13 19:10:50 UTC 2018
#@# Smooth1 rh Sat Jan 13 19:11:02 UTC 2018
#@# Inflation1 lh Sat Jan 13 19:11:14 UTC 2018
#@# Inflation1 rh Sat Jan 13 19:12:29 UTC 2018
#@# QSphere lh Sat Jan 13 19:13:46 UTC 2018
#@# QSphere rh Sat Jan 13 19:21:45 UTC 2018
#@# Fix Topology Copy lh Sat Jan 13 19:29:52 UTC 2018
#@# Fix Topology Copy rh Sat Jan 13 19:29:52 UTC 2018
#@# Fix Topology lh Sat Jan 13 19:29:52 UTC 2018
#@# Fix Topology rh Sat Jan 13 20:35:31 UTC 2018
#@# Make White Surf lh Sat Jan 13 22:16:44 UTC 2018
#@# Make White Surf rh Sat Jan 13 22:29:07 UTC 2018
#@# Smooth2 lh Sat Jan 13 22:41:35 UTC 2018
#@# Smooth2 rh Sat Jan 13 22:41:48 UTC 2018
#@# Inflation2 lh Sat Jan 13 22:42:00 UTC 2018
#@# Inflation2 rh Sat Jan 13 22:43:18 UTC 2018
#@# Curv .H and .K lh Sat Jan 13 22:44:33 UTC 2018
#@# Curv .H and .K rh Sat Jan 13 22:47:49 UTC 2018
#@# Curvature Stats lh Sat Jan 13 22:51:07 UTC 2018
#@# Curvature Stats rh Sat Jan 13 22:51:15 UTC 2018
#@# Sphere lh Sat Jan 13 22:51:24 UTC 2018
#@# Sphere rh Sun Jan 14 02:38:46 UTC 2018
#@# Surf Reg lh Sun Jan 14 04:36:05 UTC 2018
#@# Surf Reg rh Sun Jan 14 06:51:40 UTC 2018
#@# Jacobian white lh Sun Jan 14 08:36:33 UTC 2018
#@# Jacobian white rh Sun Jan 14 08:36:37 UTC 2018
#@# AvgCurv lh Sun Jan 14 08:36:41 UTC 2018
#@# AvgCurv rh Sun Jan 14 08:36:44 UTC 2018
#@# Cortical Parc lh Sun Jan 14 08:36:47 UTC 2018
#@# Cortical Parc rh Sun Jan 14 08:37:16 UTC 2018
#@# Make Pial Surf lh Sun Jan 14 08:37:43 UTC 2018
#@# Make Pial Surf rh Sun Jan 14 09:04:56 UTC 2018
#@# Surf Volume lh Sun Jan 14 09:32:14 UTC 2018
#@# Surf Volume rh Sun Jan 14 09:32:20 UTC 2018
#@# Cortical ribbon mask Sun Jan 14 09:32:26 UTC 2018
#@# Parcellation Stats lh Sun Jan 14 10:00:35 UTC 2018
#@# Parcellation Stats rh Sun Jan 14 10:03:07 UTC 2018
#@# Cortical Parc 2 lh Sun Jan 14 10:05:37 UTC 2018
#@# Cortical Parc 2 rh Sun Jan 14 10:06:11 UTC 2018
#@# Parcellation Stats 2 lh Sun Jan 14 10:06:45 UTC 2018
#@# Parcellation Stats 2 rh Sun Jan 14 10:08:04 UTC 2018
#@# Cortical Parc 3 lh Sun Jan 14 10:09:24 UTC 2018
#@# Cortical Parc 3 rh Sun Jan 14 10:09:53 UTC 2018
#@# Parcellation Stats 3 lh Sun Jan 14 10:10:21 UTC 2018
#@# Parcellation Stats 3 rh Sun Jan 14 10:11:39 UTC 2018
#@# WM/GM Contrast lh Sun Jan 14 10:12:57 UTC 2018
#@# WM/GM Contrast rh Sun Jan 14 10:13:09 UTC 2018
#@# Relabel Hypointensities Sun Jan 14 10:13:20 UTC 2018
#@# AParc-to-ASeg aparc Sun Jan 14 10:14:02 UTC 2018
#@# AParc-to-ASeg a2009s Sun Jan 14 10:23:10 UTC 2018
#@# AParc-to-ASeg DKTatlas Sun Jan 14 10:32:14 UTC 2018
#@# APas-to-ASeg Sun Jan 14 10:41:16 UTC 2018
#@# ASeg Stats Sun Jan 14 10:41:27 UTC 2018
#@# WMParc Sun Jan 14 10:46:07 UTC 2018
#@# BA_exvivo Labels lh Sun Jan 14 11:01:57 UTC 2018
#@# BA_exvivo Labels rh Sun Jan 14 11:10:38 UTC 2018
recon-all -s 3835 finished without error at Sun Jan 14 11:19:15 UTC 2018
