status file for recon-all
Thu Jan 18 17:58:14 UTC 2018
#@# MotionCor Thu Jan 18 17:58:21 UTC 2018
#@# Talairach Thu Jan 18 17:58:47 UTC 2018
#@# Talairach Failure Detection Thu Jan 18 18:02:17 UTC 2018
#@# Nu Intensity Correction Thu Jan 18 18:02:17 UTC 2018
#@# Intensity Normalization Thu Jan 18 18:06:45 UTC 2018
#@# Skull Stripping Thu Jan 18 18:12:07 UTC 2018
#@# EM Registration Thu Jan 18 19:04:23 UTC 2018
#@# CA Normalize Thu Jan 18 19:39:29 UTC 2018
#@# CA Reg Thu Jan 18 19:43:04 UTC 2018
#@# SubCort Seg Fri Jan 19 01:13:55 UTC 2018
#@# Merge ASeg Fri Jan 19 03:26:33 UTC 2018
#@# Intensity Normalization2 Fri Jan 19 03:26:33 UTC 2018
#@# Mask BFS Fri Jan 19 03:33:37 UTC 2018
#@# WM Segmentation Fri Jan 19 03:33:40 UTC 2018
#@# Fill Fri Jan 19 03:38:02 UTC 2018
#@# Tessellate lh Fri Jan 19 03:40:12 UTC 2018
#@# Tessellate rh Fri Jan 19 03:40:26 UTC 2018
#@# Smooth1 lh Fri Jan 19 03:40:40 UTC 2018
#@# Smooth1 rh Fri Jan 19 03:40:50 UTC 2018
#@# Inflation1 lh Fri Jan 19 03:40:59 UTC 2018
#@# Inflation1 rh Fri Jan 19 03:41:56 UTC 2018
#@# QSphere lh Fri Jan 19 03:42:54 UTC 2018
#@# QSphere rh Fri Jan 19 03:48:48 UTC 2018
#@# Fix Topology Copy lh Fri Jan 19 03:54:59 UTC 2018
#@# Fix Topology Copy rh Fri Jan 19 03:54:59 UTC 2018
#@# Fix Topology lh Fri Jan 19 03:54:59 UTC 2018
#@# Fix Topology rh Fri Jan 19 04:29:07 UTC 2018
#@# Make White Surf lh Fri Jan 19 05:07:54 UTC 2018
#@# Make White Surf rh Fri Jan 19 05:16:42 UTC 2018
#@# Smooth2 lh Fri Jan 19 05:25:47 UTC 2018
#@# Smooth2 rh Fri Jan 19 05:25:56 UTC 2018
#@# Inflation2 lh Fri Jan 19 05:26:05 UTC 2018
#@# Inflation2 rh Fri Jan 19 05:26:59 UTC 2018
#@# Curv .H and .K lh Fri Jan 19 05:27:53 UTC 2018
#@# Curv .H and .K rh Fri Jan 19 05:30:02 UTC 2018
#@# Curvature Stats lh Fri Jan 19 05:32:14 UTC 2018
#@# Curvature Stats rh Fri Jan 19 05:32:20 UTC 2018
#@# Sphere lh Fri Jan 19 05:32:27 UTC 2018
#@# Sphere rh Fri Jan 19 06:48:20 UTC 2018
#@# Surf Reg lh Fri Jan 19 08:06:18 UTC 2018
#@# Surf Reg rh Fri Jan 19 09:28:19 UTC 2018
#@# Jacobian white lh Fri Jan 19 11:06:35 UTC 2018
#@# Jacobian white rh Fri Jan 19 11:06:39 UTC 2018
#@# AvgCurv lh Fri Jan 19 11:06:43 UTC 2018
#@# AvgCurv rh Fri Jan 19 11:06:46 UTC 2018
#@# Cortical Parc lh Fri Jan 19 11:06:49 UTC 2018
#@# Cortical Parc rh Fri Jan 19 11:07:25 UTC 2018
#@# Make Pial Surf lh Fri Jan 19 11:08:01 UTC 2018
#@# Make Pial Surf rh Fri Jan 19 11:36:47 UTC 2018
#@# Surf Volume lh Fri Jan 19 12:04:01 UTC 2018
#@# Surf Volume rh Fri Jan 19 12:04:08 UTC 2018
#@# Cortical ribbon mask Fri Jan 19 12:04:15 UTC 2018
#@# Parcellation Stats lh Fri Jan 19 12:26:22 UTC 2018
#@# Parcellation Stats rh Fri Jan 19 12:29:16 UTC 2018
#@# Cortical Parc 2 lh Fri Jan 19 12:32:14 UTC 2018
#@# Cortical Parc 2 rh Fri Jan 19 12:32:55 UTC 2018
#@# Parcellation Stats 2 lh Fri Jan 19 12:33:35 UTC 2018
#@# Parcellation Stats 2 rh Fri Jan 19 12:35:02 UTC 2018
#@# Cortical Parc 3 lh Fri Jan 19 12:36:30 UTC 2018
#@# Cortical Parc 3 rh Fri Jan 19 12:37:07 UTC 2018
#@# Parcellation Stats 3 lh Fri Jan 19 12:37:42 UTC 2018
#@# Parcellation Stats 3 rh Fri Jan 19 12:39:10 UTC 2018
#@# WM/GM Contrast lh Fri Jan 19 12:40:35 UTC 2018
#@# WM/GM Contrast rh Fri Jan 19 12:40:48 UTC 2018
#@# Relabel Hypointensities Fri Jan 19 12:41:00 UTC 2018
#@# AParc-to-ASeg aparc Fri Jan 19 12:42:02 UTC 2018
#@# AParc-to-ASeg a2009s Fri Jan 19 12:59:30 UTC 2018
#@# AParc-to-ASeg DKTatlas Fri Jan 19 13:16:52 UTC 2018
#@# APas-to-ASeg Fri Jan 19 13:35:30 UTC 2018
#@# ASeg Stats Fri Jan 19 13:35:53 UTC 2018
#@# WMParc Fri Jan 19 13:51:00 UTC 2018
#@# BA_exvivo Labels lh Fri Jan 19 14:25:23 UTC 2018
#@# BA_exvivo Labels rh Fri Jan 19 14:36:50 UTC 2018
recon-all -s 3965 finished without error at Fri Jan 19 14:48:09 UTC 2018
