status file for recon-all
Thu Jan 18 17:57:19 UTC 2018
#@# MotionCor Thu Jan 18 17:57:24 UTC 2018
#@# Talairach Thu Jan 18 17:57:47 UTC 2018
#@# Talairach Failure Detection Thu Jan 18 18:01:53 UTC 2018
#@# Nu Intensity Correction Thu Jan 18 18:01:53 UTC 2018
#@# Intensity Normalization Thu Jan 18 18:06:47 UTC 2018
#@# Skull Stripping Thu Jan 18 18:12:32 UTC 2018
#@# EM Registration Thu Jan 18 19:08:50 UTC 2018
#@# CA Normalize Thu Jan 18 19:44:20 UTC 2018
#@# CA Reg Thu Jan 18 19:47:58 UTC 2018
#@# SubCort Seg Fri Jan 19 01:45:51 UTC 2018
#@# Merge ASeg Fri Jan 19 04:20:38 UTC 2018
#@# Intensity Normalization2 Fri Jan 19 04:20:38 UTC 2018
#@# Mask BFS Fri Jan 19 04:28:24 UTC 2018
#@# WM Segmentation Fri Jan 19 04:28:29 UTC 2018
#@# Fill Fri Jan 19 04:32:39 UTC 2018
#@# Tessellate lh Fri Jan 19 04:34:37 UTC 2018
#@# Tessellate rh Fri Jan 19 04:34:50 UTC 2018
#@# Smooth1 lh Fri Jan 19 04:35:02 UTC 2018
#@# Smooth1 rh Fri Jan 19 04:35:12 UTC 2018
#@# Inflation1 lh Fri Jan 19 04:35:22 UTC 2018
#@# Inflation1 rh Fri Jan 19 04:36:23 UTC 2018
#@# QSphere lh Fri Jan 19 04:37:24 UTC 2018
#@# QSphere rh Fri Jan 19 04:43:53 UTC 2018
#@# Fix Topology Copy lh Fri Jan 19 04:50:25 UTC 2018
#@# Fix Topology Copy rh Fri Jan 19 04:50:25 UTC 2018
#@# Fix Topology lh Fri Jan 19 04:50:25 UTC 2018
#@# Fix Topology rh Fri Jan 19 05:46:55 UTC 2018
#@# Make White Surf lh Fri Jan 19 06:31:19 UTC 2018
#@# Make White Surf rh Fri Jan 19 06:41:48 UTC 2018
#@# Smooth2 lh Fri Jan 19 06:52:34 UTC 2018
#@# Smooth2 rh Fri Jan 19 06:52:46 UTC 2018
#@# Inflation2 lh Fri Jan 19 06:52:57 UTC 2018
#@# Inflation2 rh Fri Jan 19 06:53:59 UTC 2018
#@# Curv .H and .K lh Fri Jan 19 06:55:04 UTC 2018
#@# Curv .H and .K rh Fri Jan 19 06:57:37 UTC 2018
#@# Curvature Stats lh Fri Jan 19 07:00:16 UTC 2018
#@# Curvature Stats rh Fri Jan 19 07:00:23 UTC 2018
#@# Sphere lh Fri Jan 19 07:00:30 UTC 2018
#@# Sphere rh Fri Jan 19 08:34:45 UTC 2018
#@# Surf Reg lh Fri Jan 19 10:27:22 UTC 2018
#@# Surf Reg rh Fri Jan 19 12:49:33 UTC 2018
#@# Jacobian white lh Fri Jan 19 14:59:26 UTC 2018
#@# Jacobian white rh Fri Jan 19 14:59:30 UTC 2018
#@# AvgCurv lh Fri Jan 19 14:59:35 UTC 2018
#@# AvgCurv rh Fri Jan 19 14:59:38 UTC 2018
#@# Cortical Parc lh Fri Jan 19 14:59:42 UTC 2018
#@# Cortical Parc rh Fri Jan 19 15:00:16 UTC 2018
#@# Make Pial Surf lh Fri Jan 19 15:00:48 UTC 2018
#@# Make Pial Surf rh Fri Jan 19 15:32:34 UTC 2018
#@# Surf Volume lh Fri Jan 19 16:04:20 UTC 2018
#@# Surf Volume rh Fri Jan 19 16:04:27 UTC 2018
#@# Cortical ribbon mask Fri Jan 19 16:04:33 UTC 2018
#@# Parcellation Stats lh Fri Jan 19 16:33:31 UTC 2018
#@# Parcellation Stats rh Fri Jan 19 16:36:28 UTC 2018
#@# Cortical Parc 2 lh Fri Jan 19 16:39:27 UTC 2018
#@# Cortical Parc 2 rh Fri Jan 19 16:40:10 UTC 2018
#@# Parcellation Stats 2 lh Fri Jan 19 16:40:52 UTC 2018
#@# Parcellation Stats 2 rh Fri Jan 19 16:42:23 UTC 2018
#@# Cortical Parc 3 lh Fri Jan 19 16:43:54 UTC 2018
#@# Cortical Parc 3 rh Fri Jan 19 16:44:28 UTC 2018
#@# Parcellation Stats 3 lh Fri Jan 19 16:45:02 UTC 2018
#@# Parcellation Stats 3 rh Fri Jan 19 16:46:37 UTC 2018
#@# WM/GM Contrast lh Fri Jan 19 16:48:08 UTC 2018
#@# WM/GM Contrast rh Fri Jan 19 16:48:21 UTC 2018
#@# Relabel Hypointensities Fri Jan 19 16:48:34 UTC 2018
#@# AParc-to-ASeg aparc Fri Jan 19 16:49:25 UTC 2018
#@# AParc-to-ASeg a2009s Fri Jan 19 17:03:01 UTC 2018
#@# AParc-to-ASeg DKTatlas Fri Jan 19 17:16:22 UTC 2018
#@# APas-to-ASeg Fri Jan 19 17:29:34 UTC 2018
#@# ASeg Stats Fri Jan 19 17:29:53 UTC 2018
#@# WMParc Fri Jan 19 17:40:43 UTC 2018
#@# BA_exvivo Labels lh Fri Jan 19 18:08:25 UTC 2018
#@# BA_exvivo Labels rh Fri Jan 19 18:19:11 UTC 2018
recon-all -s 3961 finished without error at Fri Jan 19 18:30:04 UTC 2018
