status file for recon-all
Sun Dec 31 02:04:14 UTC 2017
#@# MotionCor Sun Dec 31 02:04:24 UTC 2017
#@# Talairach Sun Dec 31 02:04:51 UTC 2017
#@# Talairach Failure Detection Sun Dec 31 02:08:39 UTC 2017
#@# Nu Intensity Correction Sun Dec 31 02:08:40 UTC 2017
#@# Intensity Normalization Sun Dec 31 02:14:08 UTC 2017
#@# Skull Stripping Sun Dec 31 02:20:24 UTC 2017
#@# EM Registration Sun Dec 31 03:10:35 UTC 2017
#@# CA Normalize Sun Dec 31 04:12:51 UTC 2017
#@# CA Reg Sun Dec 31 04:17:28 UTC 2017
#@# SubCort Seg Sun Dec 31 12:54:39 UTC 2017
#@# Merge ASeg Sun Dec 31 15:27:43 UTC 2017
#@# Intensity Normalization2 Sun Dec 31 15:27:43 UTC 2017
#@# Mask BFS Sun Dec 31 15:36:31 UTC 2017
#@# WM Segmentation Sun Dec 31 15:36:37 UTC 2017
#@# Fill Sun Dec 31 15:42:00 UTC 2017
#@# Tessellate lh Sun Dec 31 15:44:05 UTC 2017
#@# Tessellate rh Sun Dec 31 15:44:21 UTC 2017
#@# Smooth1 lh Sun Dec 31 15:44:37 UTC 2017
#@# Smooth1 rh Sun Dec 31 15:44:50 UTC 2017
#@# Inflation1 lh Sun Dec 31 15:45:02 UTC 2017
#@# Inflation1 rh Sun Dec 31 15:46:30 UTC 2017
#@# QSphere lh Sun Dec 31 15:47:49 UTC 2017
#@# QSphere rh Sun Dec 31 15:56:16 UTC 2017
#@# Fix Topology Copy lh Sun Dec 31 16:04:47 UTC 2017
#@# Fix Topology Copy rh Sun Dec 31 16:04:48 UTC 2017
#@# Fix Topology lh Sun Dec 31 16:04:48 UTC 2017
#@# Fix Topology rh Sun Dec 31 19:59:24 UTC 2017
#@# Make White Surf lh Sun Dec 31 23:09:08 UTC 2017
#@# Make White Surf rh Sun Dec 31 23:21:08 UTC 2017
#@# Smooth2 lh Sun Dec 31 23:32:40 UTC 2017
#@# Smooth2 rh Sun Dec 31 23:32:54 UTC 2017
#@# Inflation2 lh Sun Dec 31 23:33:06 UTC 2017
#@# Inflation2 rh Sun Dec 31 23:34:38 UTC 2017
#@# Curv .H and .K lh Sun Dec 31 23:36:08 UTC 2017
#@# Curv .H and .K rh Sun Dec 31 23:39:50 UTC 2017
#@# Curvature Stats lh Sun Dec 31 23:43:18 UTC 2017
#@# Curvature Stats rh Sun Dec 31 23:43:27 UTC 2017
#@# Sphere lh Sun Dec 31 23:43:36 UTC 2017
#@# Sphere rh Mon Jan  1 02:01:48 UTC 2018
#@# Surf Reg lh Mon Jan  1 04:01:23 UTC 2018
#@# Surf Reg rh Mon Jan  1 06:15:18 UTC 2018
#@# Jacobian white lh Mon Jan  1 08:12:05 UTC 2018
#@# Jacobian white rh Mon Jan  1 08:12:09 UTC 2018
#@# AvgCurv lh Mon Jan  1 08:12:13 UTC 2018
#@# AvgCurv rh Mon Jan  1 08:12:17 UTC 2018
#@# Cortical Parc lh Mon Jan  1 08:12:20 UTC 2018
#@# Cortical Parc rh Mon Jan  1 08:12:54 UTC 2018
#@# Make Pial Surf lh Mon Jan  1 08:13:26 UTC 2018
#@# Make Pial Surf rh Mon Jan  1 08:44:24 UTC 2018
#@# Surf Volume lh Mon Jan  1 09:12:20 UTC 2018
#@# Surf Volume rh Mon Jan  1 09:12:26 UTC 2018
#@# Cortical ribbon mask Mon Jan  1 09:12:32 UTC 2018
#@# Parcellation Stats lh Mon Jan  1 09:39:42 UTC 2018
#@# Parcellation Stats rh Mon Jan  1 09:42:26 UTC 2018
#@# Cortical Parc 2 lh Mon Jan  1 09:45:06 UTC 2018
#@# Cortical Parc 2 rh Mon Jan  1 09:45:42 UTC 2018
#@# Parcellation Stats 2 lh Mon Jan  1 09:46:18 UTC 2018
#@# Parcellation Stats 2 rh Mon Jan  1 09:47:44 UTC 2018
#@# Cortical Parc 3 lh Mon Jan  1 09:49:07 UTC 2018
#@# Cortical Parc 3 rh Mon Jan  1 09:49:37 UTC 2018
#@# Parcellation Stats 3 lh Mon Jan  1 09:50:05 UTC 2018
#@# Parcellation Stats 3 rh Mon Jan  1 09:51:26 UTC 2018
#@# WM/GM Contrast lh Mon Jan  1 09:52:46 UTC 2018
#@# WM/GM Contrast rh Mon Jan  1 09:52:58 UTC 2018
#@# Relabel Hypointensities Mon Jan  1 09:53:09 UTC 2018
#@# AParc-to-ASeg aparc Mon Jan  1 09:53:51 UTC 2018
#@# AParc-to-ASeg a2009s Mon Jan  1 10:02:47 UTC 2018
#@# AParc-to-ASeg DKTatlas Mon Jan  1 10:11:51 UTC 2018
#@# APas-to-ASeg Mon Jan  1 10:20:47 UTC 2018
#@# ASeg Stats Mon Jan  1 10:21:01 UTC 2018
#@# WMParc Mon Jan  1 10:28:43 UTC 2018
#@# BA_exvivo Labels lh Mon Jan  1 10:48:10 UTC 2018
#@# BA_exvivo Labels rh Mon Jan  1 10:57:52 UTC 2018
recon-all -s 3126 finished without error at Mon Jan  1 11:07:22 UTC 2018
