status file for recon-all
Sun Dec 31 02:03:10 UTC 2017
#@# MotionCor Sun Dec 31 02:03:17 UTC 2017
#@# Talairach Sun Dec 31 02:03:39 UTC 2017
#@# Talairach Failure Detection Sun Dec 31 02:07:41 UTC 2017
#@# Nu Intensity Correction Sun Dec 31 02:07:41 UTC 2017
#@# Intensity Normalization Sun Dec 31 02:13:23 UTC 2017
#@# Skull Stripping Sun Dec 31 02:19:48 UTC 2017
#@# EM Registration Sun Dec 31 03:37:47 UTC 2017
#@# CA Normalize Sun Dec 31 04:44:39 UTC 2017
#@# CA Reg Sun Dec 31 04:49:20 UTC 2017
#@# SubCort Seg Sun Dec 31 13:11:58 UTC 2017
#@# Merge ASeg Sun Dec 31 15:40:57 UTC 2017
#@# Intensity Normalization2 Sun Dec 31 15:40:57 UTC 2017
#@# Mask BFS Sun Dec 31 15:49:50 UTC 2017
#@# WM Segmentation Sun Dec 31 15:49:56 UTC 2017
#@# Fill Sun Dec 31 15:54:59 UTC 2017
#@# Tessellate lh Sun Dec 31 15:57:11 UTC 2017
#@# Tessellate rh Sun Dec 31 15:57:26 UTC 2017
#@# Smooth1 lh Sun Dec 31 15:57:41 UTC 2017
#@# Smooth1 rh Sun Dec 31 15:57:53 UTC 2017
#@# Inflation1 lh Sun Dec 31 15:58:05 UTC 2017
#@# Inflation1 rh Sun Dec 31 15:59:29 UTC 2017
#@# QSphere lh Sun Dec 31 16:00:49 UTC 2017
#@# QSphere rh Sun Dec 31 16:08:59 UTC 2017
#@# Fix Topology Copy lh Sun Dec 31 16:17:05 UTC 2017
#@# Fix Topology Copy rh Sun Dec 31 16:17:05 UTC 2017
#@# Fix Topology lh Sun Dec 31 16:17:05 UTC 2017
#@# Fix Topology rh Sun Dec 31 18:27:08 UTC 2017
#@# Make White Surf lh Sun Dec 31 22:17:49 UTC 2017
#@# Make White Surf rh Sun Dec 31 22:28:51 UTC 2017
#@# Smooth2 lh Sun Dec 31 22:39:21 UTC 2017
#@# Smooth2 rh Sun Dec 31 22:39:34 UTC 2017
#@# Inflation2 lh Sun Dec 31 22:39:46 UTC 2017
#@# Inflation2 rh Sun Dec 31 22:41:03 UTC 2017
#@# Curv .H and .K lh Sun Dec 31 22:42:17 UTC 2017
#@# Curv .H and .K rh Sun Dec 31 22:45:25 UTC 2017
#@# Curvature Stats lh Sun Dec 31 22:48:33 UTC 2017
#@# Curvature Stats rh Sun Dec 31 22:48:41 UTC 2017
#@# Sphere lh Sun Dec 31 22:48:49 UTC 2017
#@# Sphere rh Mon Jan  1 00:52:01 UTC 2018
#@# Surf Reg lh Mon Jan  1 02:07:14 UTC 2018
#@# Surf Reg rh Mon Jan  1 03:53:30 UTC 2018
#@# Jacobian white lh Mon Jan  1 05:43:22 UTC 2018
#@# Jacobian white rh Mon Jan  1 05:43:26 UTC 2018
#@# AvgCurv lh Mon Jan  1 05:43:29 UTC 2018
#@# AvgCurv rh Mon Jan  1 05:43:33 UTC 2018
#@# Cortical Parc lh Mon Jan  1 05:43:36 UTC 2018
#@# Cortical Parc rh Mon Jan  1 05:44:11 UTC 2018
#@# Make Pial Surf lh Mon Jan  1 05:44:45 UTC 2018
#@# Make Pial Surf rh Mon Jan  1 06:16:55 UTC 2018
#@# Surf Volume lh Mon Jan  1 06:45:07 UTC 2018
#@# Surf Volume rh Mon Jan  1 06:45:14 UTC 2018
#@# Cortical ribbon mask Mon Jan  1 06:45:21 UTC 2018
#@# Parcellation Stats lh Mon Jan  1 07:05:48 UTC 2018
#@# Parcellation Stats rh Mon Jan  1 07:08:44 UTC 2018
#@# Cortical Parc 2 lh Mon Jan  1 07:11:32 UTC 2018
#@# Cortical Parc 2 rh Mon Jan  1 07:12:14 UTC 2018
#@# Parcellation Stats 2 lh Mon Jan  1 07:12:53 UTC 2018
#@# Parcellation Stats 2 rh Mon Jan  1 07:14:21 UTC 2018
#@# Cortical Parc 3 lh Mon Jan  1 07:15:47 UTC 2018
#@# Cortical Parc 3 rh Mon Jan  1 07:16:20 UTC 2018
#@# Parcellation Stats 3 lh Mon Jan  1 07:16:52 UTC 2018
#@# Parcellation Stats 3 rh Mon Jan  1 07:18:21 UTC 2018
#@# WM/GM Contrast lh Mon Jan  1 07:19:46 UTC 2018
#@# WM/GM Contrast rh Mon Jan  1 07:20:00 UTC 2018
#@# Relabel Hypointensities Mon Jan  1 07:20:12 UTC 2018
#@# AParc-to-ASeg aparc Mon Jan  1 07:21:07 UTC 2018
#@# AParc-to-ASeg a2009s Mon Jan  1 07:31:37 UTC 2018
#@# AParc-to-ASeg DKTatlas Mon Jan  1 07:43:04 UTC 2018
#@# APas-to-ASeg Mon Jan  1 07:54:15 UTC 2018
#@# ASeg Stats Mon Jan  1 07:54:31 UTC 2018
#@# WMParc Mon Jan  1 08:03:37 UTC 2018
#@# BA_exvivo Labels lh Mon Jan  1 08:28:08 UTC 2018
#@# BA_exvivo Labels rh Mon Jan  1 08:38:03 UTC 2018
recon-all -s 3122 finished without error at Mon Jan  1 08:47:39 UTC 2018
