status file for recon-all
Sat Jan 13 07:48:42 UTC 2018
#@# MotionCor Sat Jan 13 07:48:51 UTC 2018
#@# Talairach Sat Jan 13 07:49:16 UTC 2018
#@# Talairach Failure Detection Sat Jan 13 07:53:45 UTC 2018
#@# Nu Intensity Correction Sat Jan 13 07:53:46 UTC 2018
#@# Intensity Normalization Sat Jan 13 07:58:53 UTC 2018
#@# Skull Stripping Sat Jan 13 08:04:29 UTC 2018
#@# EM Registration Sat Jan 13 08:58:34 UTC 2018
#@# CA Normalize Sat Jan 13 09:40:43 UTC 2018
#@# CA Reg Sat Jan 13 09:44:47 UTC 2018
#@# SubCort Seg Sat Jan 13 17:08:04 UTC 2018
#@# Merge ASeg Sat Jan 13 19:22:27 UTC 2018
#@# Intensity Normalization2 Sat Jan 13 19:22:27 UTC 2018
#@# Mask BFS Sat Jan 13 19:30:49 UTC 2018
#@# WM Segmentation Sat Jan 13 19:30:54 UTC 2018
#@# Fill Sat Jan 13 19:35:44 UTC 2018
#@# Tessellate lh Sat Jan 13 19:37:44 UTC 2018
#@# Tessellate rh Sat Jan 13 19:37:58 UTC 2018
#@# Smooth1 lh Sat Jan 13 19:38:12 UTC 2018
#@# Smooth1 rh Sat Jan 13 19:38:24 UTC 2018
#@# Inflation1 lh Sat Jan 13 19:38:36 UTC 2018
#@# Inflation1 rh Sat Jan 13 19:39:52 UTC 2018
#@# QSphere lh Sat Jan 13 19:41:06 UTC 2018
#@# QSphere rh Sat Jan 13 19:48:57 UTC 2018
#@# Fix Topology Copy lh Sat Jan 13 19:57:14 UTC 2018
#@# Fix Topology Copy rh Sat Jan 13 19:57:14 UTC 2018
#@# Fix Topology lh Sat Jan 13 19:57:14 UTC 2018
#@# Fix Topology rh Sat Jan 13 21:34:12 UTC 2018
#@# Make White Surf lh Sat Jan 13 22:41:34 UTC 2018
#@# Make White Surf rh Sat Jan 13 22:53:24 UTC 2018
#@# Smooth2 lh Sat Jan 13 23:06:26 UTC 2018
#@# Smooth2 rh Sat Jan 13 23:06:38 UTC 2018
#@# Inflation2 lh Sat Jan 13 23:06:52 UTC 2018
#@# Inflation2 rh Sat Jan 13 23:08:12 UTC 2018
#@# Curv .H and .K lh Sat Jan 13 23:09:33 UTC 2018
#@# Curv .H and .K rh Sat Jan 13 23:13:00 UTC 2018
#@# Curvature Stats lh Sat Jan 13 23:16:24 UTC 2018
#@# Curvature Stats rh Sat Jan 13 23:16:33 UTC 2018
#@# Sphere lh Sat Jan 13 23:16:43 UTC 2018
#@# Sphere rh Sun Jan 14 01:05:47 UTC 2018
#@# Surf Reg lh Sun Jan 14 03:04:24 UTC 2018
#@# Surf Reg rh Sun Jan 14 05:16:17 UTC 2018
#@# Jacobian white lh Sun Jan 14 07:08:54 UTC 2018
#@# Jacobian white rh Sun Jan 14 07:08:58 UTC 2018
#@# AvgCurv lh Sun Jan 14 07:09:03 UTC 2018
#@# AvgCurv rh Sun Jan 14 07:09:06 UTC 2018
#@# Cortical Parc lh Sun Jan 14 07:09:10 UTC 2018
#@# Cortical Parc rh Sun Jan 14 07:09:44 UTC 2018
#@# Make Pial Surf lh Sun Jan 14 07:10:18 UTC 2018
#@# Make Pial Surf rh Sun Jan 14 07:43:10 UTC 2018
#@# Surf Volume lh Sun Jan 14 08:14:24 UTC 2018
#@# Surf Volume rh Sun Jan 14 08:14:30 UTC 2018
#@# Cortical ribbon mask Sun Jan 14 08:14:37 UTC 2018
#@# Parcellation Stats lh Sun Jan 14 08:49:53 UTC 2018
#@# Parcellation Stats rh Sun Jan 14 08:52:29 UTC 2018
#@# Cortical Parc 2 lh Sun Jan 14 08:55:05 UTC 2018
#@# Cortical Parc 2 rh Sun Jan 14 08:55:41 UTC 2018
#@# Parcellation Stats 2 lh Sun Jan 14 08:56:17 UTC 2018
#@# Parcellation Stats 2 rh Sun Jan 14 08:57:33 UTC 2018
#@# Cortical Parc 3 lh Sun Jan 14 08:58:55 UTC 2018
#@# Cortical Parc 3 rh Sun Jan 14 08:59:24 UTC 2018
#@# Parcellation Stats 3 lh Sun Jan 14 08:59:55 UTC 2018
#@# Parcellation Stats 3 rh Sun Jan 14 09:01:15 UTC 2018
#@# WM/GM Contrast lh Sun Jan 14 09:02:32 UTC 2018
#@# WM/GM Contrast rh Sun Jan 14 09:02:44 UTC 2018
#@# Relabel Hypointensities Sun Jan 14 09:02:56 UTC 2018
#@# AParc-to-ASeg aparc Sun Jan 14 09:03:41 UTC 2018
#@# AParc-to-ASeg a2009s Sun Jan 14 09:13:23 UTC 2018
#@# AParc-to-ASeg DKTatlas Sun Jan 14 09:22:47 UTC 2018
#@# APas-to-ASeg Sun Jan 14 09:32:15 UTC 2018
#@# ASeg Stats Sun Jan 14 09:32:26 UTC 2018
#@# WMParc Sun Jan 14 09:39:09 UTC 2018
#@# BA_exvivo Labels lh Sun Jan 14 09:56:52 UTC 2018
#@# BA_exvivo Labels rh Sun Jan 14 10:06:00 UTC 2018
recon-all -s 3838 finished without error at Sun Jan 14 10:15:15 UTC 2018
