status file for recon-all
Sun Dec 31 02:02:44 UTC 2017
#@# MotionCor Sun Dec 31 02:02:51 UTC 2017
#@# Talairach Sun Dec 31 02:03:14 UTC 2017
#@# Talairach Failure Detection Sun Dec 31 02:07:08 UTC 2017
#@# Nu Intensity Correction Sun Dec 31 02:07:08 UTC 2017
#@# Intensity Normalization Sun Dec 31 02:12:44 UTC 2017
#@# Skull Stripping Sun Dec 31 02:19:16 UTC 2017
#@# EM Registration Sun Dec 31 03:24:08 UTC 2017
#@# CA Normalize Sun Dec 31 04:20:13 UTC 2017
#@# CA Reg Sun Dec 31 04:24:45 UTC 2017
#@# SubCort Seg Sun Dec 31 12:29:52 UTC 2017
#@# Merge ASeg Sun Dec 31 14:42:05 UTC 2017
#@# Intensity Normalization2 Sun Dec 31 14:42:05 UTC 2017
#@# Mask BFS Sun Dec 31 14:50:49 UTC 2017
#@# WM Segmentation Sun Dec 31 14:50:54 UTC 2017
#@# Fill Sun Dec 31 14:55:40 UTC 2017
#@# Tessellate lh Sun Dec 31 14:57:44 UTC 2017
#@# Tessellate rh Sun Dec 31 14:58:02 UTC 2017
#@# Smooth1 lh Sun Dec 31 14:58:18 UTC 2017
#@# Smooth1 rh Sun Dec 31 14:58:31 UTC 2017
#@# Inflation1 lh Sun Dec 31 14:58:43 UTC 2017
#@# Inflation1 rh Sun Dec 31 14:59:58 UTC 2017
#@# QSphere lh Sun Dec 31 15:01:11 UTC 2017
#@# QSphere rh Sun Dec 31 15:08:47 UTC 2017
#@# Fix Topology Copy lh Sun Dec 31 15:16:32 UTC 2017
#@# Fix Topology Copy rh Sun Dec 31 15:16:32 UTC 2017
#@# Fix Topology lh Sun Dec 31 15:16:32 UTC 2017
#@# Fix Topology rh Sun Dec 31 16:28:07 UTC 2017
#@# Make White Surf lh Sun Dec 31 17:38:50 UTC 2017
#@# Make White Surf rh Sun Dec 31 17:49:18 UTC 2017
#@# Smooth2 lh Sun Dec 31 18:00:08 UTC 2017
#@# Smooth2 rh Sun Dec 31 18:00:20 UTC 2017
#@# Inflation2 lh Sun Dec 31 18:00:32 UTC 2017
#@# Inflation2 rh Sun Dec 31 18:01:47 UTC 2017
#@# Curv .H and .K lh Sun Dec 31 18:02:59 UTC 2017
#@# Curv .H and .K rh Sun Dec 31 18:06:05 UTC 2017
#@# Curvature Stats lh Sun Dec 31 18:09:13 UTC 2017
#@# Curvature Stats rh Sun Dec 31 18:09:21 UTC 2017
#@# Sphere lh Sun Dec 31 18:09:30 UTC 2017
#@# Sphere rh Sun Dec 31 19:43:28 UTC 2017
#@# Surf Reg lh Sun Dec 31 21:24:27 UTC 2017
#@# Surf Reg rh Sun Dec 31 23:02:33 UTC 2017
#@# Jacobian white lh Mon Jan  1 00:56:39 UTC 2018
#@# Jacobian white rh Mon Jan  1 00:56:43 UTC 2018
#@# AvgCurv lh Mon Jan  1 00:56:47 UTC 2018
#@# AvgCurv rh Mon Jan  1 00:56:50 UTC 2018
#@# Cortical Parc lh Mon Jan  1 00:56:53 UTC 2018
#@# Cortical Parc rh Mon Jan  1 00:57:27 UTC 2018
#@# Make Pial Surf lh Mon Jan  1 00:58:03 UTC 2018
#@# Make Pial Surf rh Mon Jan  1 01:30:25 UTC 2018
#@# Surf Volume lh Mon Jan  1 02:02:22 UTC 2018
#@# Surf Volume rh Mon Jan  1 02:02:29 UTC 2018
#@# Cortical ribbon mask Mon Jan  1 02:02:36 UTC 2018
#@# Parcellation Stats lh Mon Jan  1 02:33:11 UTC 2018
#@# Parcellation Stats rh Mon Jan  1 02:36:34 UTC 2018
#@# Cortical Parc 2 lh Mon Jan  1 02:39:50 UTC 2018
#@# Cortical Parc 2 rh Mon Jan  1 02:40:36 UTC 2018
#@# Parcellation Stats 2 lh Mon Jan  1 02:41:18 UTC 2018
#@# Parcellation Stats 2 rh Mon Jan  1 02:42:55 UTC 2018
#@# Cortical Parc 3 lh Mon Jan  1 02:44:31 UTC 2018
#@# Cortical Parc 3 rh Mon Jan  1 02:45:09 UTC 2018
#@# Parcellation Stats 3 lh Mon Jan  1 02:45:46 UTC 2018
#@# Parcellation Stats 3 rh Mon Jan  1 02:47:25 UTC 2018
#@# WM/GM Contrast lh Mon Jan  1 02:49:03 UTC 2018
#@# WM/GM Contrast rh Mon Jan  1 02:49:19 UTC 2018
#@# Relabel Hypointensities Mon Jan  1 02:49:34 UTC 2018
#@# AParc-to-ASeg aparc Mon Jan  1 02:50:41 UTC 2018
#@# AParc-to-ASeg a2009s Mon Jan  1 03:05:27 UTC 2018
#@# AParc-to-ASeg DKTatlas Mon Jan  1 03:20:09 UTC 2018
#@# APas-to-ASeg Mon Jan  1 03:34:11 UTC 2018
#@# ASeg Stats Mon Jan  1 03:34:29 UTC 2018
#@# WMParc Mon Jan  1 03:44:30 UTC 2018
#@# BA_exvivo Labels lh Mon Jan  1 04:12:36 UTC 2018
#@# BA_exvivo Labels rh Mon Jan  1 04:24:28 UTC 2018
recon-all -s 3120 finished without error at Mon Jan  1 04:36:45 UTC 2018
