status file for recon-all
Mon Jan 15 18:07:44 UTC 2018
#@# MotionCor Mon Jan 15 18:07:51 UTC 2018
#@# Talairach Mon Jan 15 18:08:12 UTC 2018
#@# Talairach Failure Detection Mon Jan 15 18:11:49 UTC 2018
#@# Nu Intensity Correction Mon Jan 15 18:11:49 UTC 2018
#@# Intensity Normalization Mon Jan 15 18:17:29 UTC 2018
#@# Skull Stripping Mon Jan 15 18:24:02 UTC 2018
#@# EM Registration Mon Jan 15 19:44:35 UTC 2018
#@# CA Normalize Mon Jan 15 20:32:20 UTC 2018
#@# CA Reg Mon Jan 15 20:37:18 UTC 2018
#@# SubCort Seg Tue Jan 16 04:22:57 UTC 2018
#@# Merge ASeg Tue Jan 16 06:44:36 UTC 2018
#@# Intensity Normalization2 Tue Jan 16 06:44:36 UTC 2018
#@# Mask BFS Tue Jan 16 06:52:28 UTC 2018
#@# WM Segmentation Tue Jan 16 06:52:32 UTC 2018
#@# Fill Tue Jan 16 06:57:30 UTC 2018
#@# Tessellate lh Tue Jan 16 06:59:15 UTC 2018
#@# Tessellate rh Tue Jan 16 06:59:29 UTC 2018
#@# Smooth1 lh Tue Jan 16 06:59:44 UTC 2018
#@# Smooth1 rh Tue Jan 16 06:59:56 UTC 2018
#@# Inflation1 lh Tue Jan 16 07:00:09 UTC 2018
#@# Inflation1 rh Tue Jan 16 07:01:23 UTC 2018
#@# QSphere lh Tue Jan 16 07:02:34 UTC 2018
#@# QSphere rh Tue Jan 16 07:10:33 UTC 2018
#@# Fix Topology Copy lh Tue Jan 16 07:17:50 UTC 2018
#@# Fix Topology Copy rh Tue Jan 16 07:17:50 UTC 2018
#@# Fix Topology lh Tue Jan 16 07:17:50 UTC 2018
#@# Fix Topology rh Tue Jan 16 08:43:10 UTC 2018
#@# Make White Surf lh Tue Jan 16 09:41:47 UTC 2018
#@# Make White Surf rh Tue Jan 16 09:52:43 UTC 2018
#@# Smooth2 lh Tue Jan 16 10:03:30 UTC 2018
#@# Smooth2 rh Tue Jan 16 10:03:42 UTC 2018
#@# Inflation2 lh Tue Jan 16 10:03:53 UTC 2018
#@# Inflation2 rh Tue Jan 16 10:05:03 UTC 2018
#@# Curv .H and .K lh Tue Jan 16 10:06:12 UTC 2018
#@# Curv .H and .K rh Tue Jan 16 10:09:11 UTC 2018
#@# Curvature Stats lh Tue Jan 16 10:12:09 UTC 2018
#@# Curvature Stats rh Tue Jan 16 10:12:17 UTC 2018
#@# Sphere lh Tue Jan 16 10:12:25 UTC 2018
#@# Sphere rh Tue Jan 16 11:50:48 UTC 2018
#@# Surf Reg lh Tue Jan 16 13:31:02 UTC 2018
#@# Surf Reg rh Tue Jan 16 15:10:53 UTC 2018
#@# Jacobian white lh Tue Jan 16 17:09:21 UTC 2018
#@# Jacobian white rh Tue Jan 16 17:09:25 UTC 2018
#@# AvgCurv lh Tue Jan 16 17:09:30 UTC 2018
#@# AvgCurv rh Tue Jan 16 17:09:34 UTC 2018
#@# Cortical Parc lh Tue Jan 16 17:09:38 UTC 2018
#@# Cortical Parc rh Tue Jan 16 17:10:11 UTC 2018
#@# Make Pial Surf lh Tue Jan 16 17:10:45 UTC 2018
#@# Make Pial Surf rh Tue Jan 16 17:42:10 UTC 2018
#@# Surf Volume lh Tue Jan 16 18:12:59 UTC 2018
#@# Surf Volume rh Tue Jan 16 18:13:06 UTC 2018
#@# Cortical ribbon mask Tue Jan 16 18:13:12 UTC 2018
#@# Parcellation Stats lh Tue Jan 16 18:43:49 UTC 2018
#@# Parcellation Stats rh Tue Jan 16 18:46:25 UTC 2018
#@# Cortical Parc 2 lh Tue Jan 16 18:49:01 UTC 2018
#@# Cortical Parc 2 rh Tue Jan 16 18:49:39 UTC 2018
#@# Parcellation Stats 2 lh Tue Jan 16 18:50:15 UTC 2018
#@# Parcellation Stats 2 rh Tue Jan 16 18:51:35 UTC 2018
#@# Cortical Parc 3 lh Tue Jan 16 18:52:56 UTC 2018
#@# Cortical Parc 3 rh Tue Jan 16 18:53:24 UTC 2018
#@# Parcellation Stats 3 lh Tue Jan 16 18:53:53 UTC 2018
#@# Parcellation Stats 3 rh Tue Jan 16 18:55:10 UTC 2018
#@# WM/GM Contrast lh Tue Jan 16 18:56:26 UTC 2018
#@# WM/GM Contrast rh Tue Jan 16 18:56:38 UTC 2018
#@# Relabel Hypointensities Tue Jan 16 18:56:49 UTC 2018
#@# AParc-to-ASeg aparc Tue Jan 16 18:57:37 UTC 2018
#@# AParc-to-ASeg a2009s Tue Jan 16 19:06:14 UTC 2018
#@# AParc-to-ASeg DKTatlas Tue Jan 16 19:14:38 UTC 2018
#@# APas-to-ASeg Tue Jan 16 19:22:50 UTC 2018
#@# ASeg Stats Tue Jan 16 19:23:02 UTC 2018
#@# WMParc Tue Jan 16 19:29:19 UTC 2018
#@# BA_exvivo Labels lh Tue Jan 16 19:47:40 UTC 2018
#@# BA_exvivo Labels rh Tue Jan 16 19:56:41 UTC 2018
recon-all -s 4020 finished without error at Tue Jan 16 20:05:38 UTC 2018
