status file for recon-all
Mon Jan 15 18:07:31 UTC 2018
#@# MotionCor Mon Jan 15 18:07:39 UTC 2018
#@# Talairach Mon Jan 15 18:07:59 UTC 2018
#@# Talairach Failure Detection Mon Jan 15 18:12:15 UTC 2018
#@# Nu Intensity Correction Mon Jan 15 18:12:16 UTC 2018
#@# Intensity Normalization Mon Jan 15 18:18:31 UTC 2018
#@# Skull Stripping Mon Jan 15 18:25:00 UTC 2018
#@# EM Registration Mon Jan 15 19:38:11 UTC 2018
#@# CA Normalize Mon Jan 15 20:43:07 UTC 2018
#@# CA Reg Mon Jan 15 20:48:07 UTC 2018
#@# SubCort Seg Tue Jan 16 04:23:55 UTC 2018
#@# Merge ASeg Tue Jan 16 06:40:20 UTC 2018
#@# Intensity Normalization2 Tue Jan 16 06:40:20 UTC 2018
#@# Mask BFS Tue Jan 16 06:48:00 UTC 2018
#@# WM Segmentation Tue Jan 16 06:48:04 UTC 2018
#@# Fill Tue Jan 16 06:52:58 UTC 2018
#@# Tessellate lh Tue Jan 16 06:54:44 UTC 2018
#@# Tessellate rh Tue Jan 16 06:54:59 UTC 2018
#@# Smooth1 lh Tue Jan 16 06:55:12 UTC 2018
#@# Smooth1 rh Tue Jan 16 06:55:23 UTC 2018
#@# Inflation1 lh Tue Jan 16 06:55:35 UTC 2018
#@# Inflation1 rh Tue Jan 16 06:56:47 UTC 2018
#@# QSphere lh Tue Jan 16 06:57:57 UTC 2018
#@# QSphere rh Tue Jan 16 07:05:39 UTC 2018
#@# Fix Topology Copy lh Tue Jan 16 07:12:53 UTC 2018
#@# Fix Topology Copy rh Tue Jan 16 07:12:53 UTC 2018
#@# Fix Topology lh Tue Jan 16 07:12:53 UTC 2018
#@# Fix Topology rh Tue Jan 16 15:38:18 UTC 2018
#@# Make White Surf lh Tue Jan 16 19:25:39 UTC 2018
#@# Make White Surf rh Tue Jan 16 19:35:02 UTC 2018
#@# Smooth2 lh Tue Jan 16 19:43:38 UTC 2018
#@# Smooth2 rh Tue Jan 16 19:43:47 UTC 2018
#@# Inflation2 lh Tue Jan 16 19:43:57 UTC 2018
#@# Inflation2 rh Tue Jan 16 19:44:54 UTC 2018
#@# Curv .H and .K lh Tue Jan 16 19:45:51 UTC 2018
#@# Curv .H and .K rh Tue Jan 16 19:48:24 UTC 2018
#@# Curvature Stats lh Tue Jan 16 19:50:50 UTC 2018
#@# Curvature Stats rh Tue Jan 16 19:50:57 UTC 2018
#@# Sphere lh Tue Jan 16 19:51:04 UTC 2018
#@# Sphere rh Tue Jan 16 21:13:58 UTC 2018
#@# Surf Reg lh Tue Jan 16 22:40:51 UTC 2018
#@# Surf Reg rh Wed Jan 17 00:05:47 UTC 2018
#@# Jacobian white lh Wed Jan 17 01:39:06 UTC 2018
#@# Jacobian white rh Wed Jan 17 01:39:10 UTC 2018
#@# AvgCurv lh Wed Jan 17 01:39:13 UTC 2018
#@# AvgCurv rh Wed Jan 17 01:39:15 UTC 2018
#@# Cortical Parc lh Wed Jan 17 01:39:18 UTC 2018
#@# Cortical Parc rh Wed Jan 17 01:39:42 UTC 2018
#@# Make Pial Surf lh Wed Jan 17 01:40:04 UTC 2018
#@# Make Pial Surf rh Wed Jan 17 02:04:14 UTC 2018
#@# Surf Volume lh Wed Jan 17 02:31:59 UTC 2018
#@# Surf Volume rh Wed Jan 17 02:32:08 UTC 2018
#@# Cortical ribbon mask Wed Jan 17 02:32:17 UTC 2018
#@# Parcellation Stats lh Wed Jan 17 03:01:01 UTC 2018
#@# Parcellation Stats rh Wed Jan 17 03:04:45 UTC 2018
#@# Cortical Parc 2 lh Wed Jan 17 03:08:18 UTC 2018
#@# Cortical Parc 2 rh Wed Jan 17 03:09:07 UTC 2018
#@# Parcellation Stats 2 lh Wed Jan 17 03:09:54 UTC 2018
#@# Parcellation Stats 2 rh Wed Jan 17 03:11:47 UTC 2018
#@# Cortical Parc 3 lh Wed Jan 17 03:13:40 UTC 2018
#@# Cortical Parc 3 rh Wed Jan 17 03:14:21 UTC 2018
#@# Parcellation Stats 3 lh Wed Jan 17 03:14:58 UTC 2018
#@# Parcellation Stats 3 rh Wed Jan 17 03:16:45 UTC 2018
#@# WM/GM Contrast lh Wed Jan 17 03:18:30 UTC 2018
#@# WM/GM Contrast rh Wed Jan 17 03:18:48 UTC 2018
#@# Relabel Hypointensities Wed Jan 17 03:19:06 UTC 2018
#@# AParc-to-ASeg aparc Wed Jan 17 03:20:16 UTC 2018
#@# AParc-to-ASeg a2009s Wed Jan 17 03:33:11 UTC 2018
#@# AParc-to-ASeg DKTatlas Wed Jan 17 03:45:22 UTC 2018
#@# APas-to-ASeg Wed Jan 17 03:57:23 UTC 2018
#@# ASeg Stats Wed Jan 17 03:57:42 UTC 2018
#@# WMParc Wed Jan 17 04:10:46 UTC 2018
#@# BA_exvivo Labels lh Wed Jan 17 04:42:16 UTC 2018
#@# BA_exvivo Labels rh Wed Jan 17 04:56:37 UTC 2018
recon-all -s 4018 finished without error at Wed Jan 17 05:10:22 UTC 2018
