status file for recon-all
Tue Jan  9 23:22:48 UTC 2018
#@# MotionCor Tue Jan  9 23:22:54 UTC 2018
#@# Talairach Tue Jan  9 23:23:18 UTC 2018
#@# Talairach Failure Detection Tue Jan  9 23:26:57 UTC 2018
#@# Nu Intensity Correction Tue Jan  9 23:26:57 UTC 2018
#@# Intensity Normalization Tue Jan  9 23:31:24 UTC 2018
#@# Skull Stripping Tue Jan  9 23:35:49 UTC 2018
#@# EM Registration Wed Jan 10 00:16:38 UTC 2018
#@# CA Normalize Wed Jan 10 00:51:26 UTC 2018
#@# CA Reg Wed Jan 10 00:54:51 UTC 2018
#@# SubCort Seg Wed Jan 10 07:24:59 UTC 2018
#@# Merge ASeg Wed Jan 10 09:12:32 UTC 2018
#@# Intensity Normalization2 Wed Jan 10 09:12:32 UTC 2018
#@# Mask BFS Wed Jan 10 09:19:56 UTC 2018
#@# WM Segmentation Wed Jan 10 09:20:00 UTC 2018
#@# Fill Wed Jan 10 09:24:24 UTC 2018
#@# Tessellate lh Wed Jan 10 09:25:58 UTC 2018
#@# Tessellate rh Wed Jan 10 09:26:09 UTC 2018
#@# Smooth1 lh Wed Jan 10 09:26:21 UTC 2018
#@# Smooth1 rh Wed Jan 10 09:26:31 UTC 2018
#@# Inflation1 lh Wed Jan 10 09:26:41 UTC 2018
#@# Inflation1 rh Wed Jan 10 09:27:40 UTC 2018
#@# QSphere lh Wed Jan 10 09:28:43 UTC 2018
#@# QSphere rh Wed Jan 10 09:35:30 UTC 2018
#@# Fix Topology Copy lh Wed Jan 10 09:41:36 UTC 2018
#@# Fix Topology Copy rh Wed Jan 10 09:41:36 UTC 2018
#@# Fix Topology lh Wed Jan 10 09:41:36 UTC 2018
#@# Fix Topology rh Wed Jan 10 10:43:05 UTC 2018
#@# Make White Surf lh Wed Jan 10 14:04:20 UTC 2018
#@# Make White Surf rh Wed Jan 10 14:12:12 UTC 2018
#@# Smooth2 lh Wed Jan 10 14:19:47 UTC 2018
#@# Smooth2 rh Wed Jan 10 14:19:56 UTC 2018
#@# Inflation2 lh Wed Jan 10 14:20:04 UTC 2018
#@# Inflation2 rh Wed Jan 10 14:20:55 UTC 2018
#@# Curv .H and .K lh Wed Jan 10 14:21:47 UTC 2018
#@# Curv .H and .K rh Wed Jan 10 14:23:56 UTC 2018
#@# Curvature Stats lh Wed Jan 10 14:26:07 UTC 2018
#@# Curvature Stats rh Wed Jan 10 14:26:13 UTC 2018
#@# Sphere lh Wed Jan 10 14:26:18 UTC 2018
#@# Sphere rh Wed Jan 10 15:43:48 UTC 2018
#@# Surf Reg lh Wed Jan 10 16:58:32 UTC 2018
#@# Surf Reg rh Wed Jan 10 18:02:32 UTC 2018
#@# Jacobian white lh Wed Jan 10 19:33:37 UTC 2018
#@# Jacobian white rh Wed Jan 10 19:33:40 UTC 2018
#@# AvgCurv lh Wed Jan 10 19:33:43 UTC 2018
#@# AvgCurv rh Wed Jan 10 19:33:45 UTC 2018
#@# Cortical Parc lh Wed Jan 10 19:33:48 UTC 2018
#@# Cortical Parc rh Wed Jan 10 19:34:10 UTC 2018
#@# Make Pial Surf lh Wed Jan 10 19:34:31 UTC 2018
#@# Make Pial Surf rh Wed Jan 10 19:57:36 UTC 2018
#@# Surf Volume lh Wed Jan 10 20:20:40 UTC 2018
#@# Surf Volume rh Wed Jan 10 20:20:46 UTC 2018
#@# Cortical ribbon mask Wed Jan 10 20:20:50 UTC 2018
#@# Parcellation Stats lh Wed Jan 10 20:40:22 UTC 2018
#@# Parcellation Stats rh Wed Jan 10 20:42:32 UTC 2018
#@# Cortical Parc 2 lh Wed Jan 10 20:44:42 UTC 2018
#@# Cortical Parc 2 rh Wed Jan 10 20:45:10 UTC 2018
#@# Parcellation Stats 2 lh Wed Jan 10 20:45:39 UTC 2018
#@# Parcellation Stats 2 rh Wed Jan 10 20:46:44 UTC 2018
#@# Cortical Parc 3 lh Wed Jan 10 20:47:49 UTC 2018
#@# Cortical Parc 3 rh Wed Jan 10 20:48:12 UTC 2018
#@# Parcellation Stats 3 lh Wed Jan 10 20:48:34 UTC 2018
#@# Parcellation Stats 3 rh Wed Jan 10 20:49:37 UTC 2018
#@# WM/GM Contrast lh Wed Jan 10 20:50:41 UTC 2018
#@# WM/GM Contrast rh Wed Jan 10 20:50:51 UTC 2018
#@# Relabel Hypointensities Wed Jan 10 20:51:01 UTC 2018
#@# AParc-to-ASeg aparc Wed Jan 10 20:51:37 UTC 2018
#@# AParc-to-ASeg a2009s Wed Jan 10 20:59:48 UTC 2018
#@# AParc-to-ASeg DKTatlas Wed Jan 10 21:07:46 UTC 2018
#@# APas-to-ASeg Wed Jan 10 21:15:29 UTC 2018
#@# ASeg Stats Wed Jan 10 21:15:41 UTC 2018
#@# WMParc Wed Jan 10 21:20:30 UTC 2018
#@# BA_exvivo Labels lh Wed Jan 10 21:35:48 UTC 2018
#@# BA_exvivo Labels rh Wed Jan 10 21:43:37 UTC 2018
recon-all -s 3572 finished without error at Wed Jan 10 21:51:25 UTC 2018
