status file for recon-all
Wed Jan 17 02:16:46 UTC 2018
#@# MotionCor Wed Jan 17 02:16:51 UTC 2018
#@# Talairach Wed Jan 17 02:17:11 UTC 2018
#@# Talairach Failure Detection Wed Jan 17 02:21:32 UTC 2018
#@# Nu Intensity Correction Wed Jan 17 02:21:32 UTC 2018
#@# Intensity Normalization Wed Jan 17 02:28:03 UTC 2018
#@# Skull Stripping Wed Jan 17 02:34:48 UTC 2018
#@# EM Registration Wed Jan 17 03:23:31 UTC 2018
#@# CA Normalize Wed Jan 17 04:14:43 UTC 2018
#@# CA Reg Wed Jan 17 04:19:20 UTC 2018
#@# SubCort Seg Wed Jan 17 12:56:07 UTC 2018
#@# Merge ASeg Wed Jan 17 15:29:10 UTC 2018
#@# Intensity Normalization2 Wed Jan 17 15:29:10 UTC 2018
#@# Mask BFS Wed Jan 17 15:37:44 UTC 2018
#@# WM Segmentation Wed Jan 17 15:37:49 UTC 2018
#@# Fill Wed Jan 17 15:42:38 UTC 2018
#@# Tessellate lh Wed Jan 17 15:44:33 UTC 2018
#@# Tessellate rh Wed Jan 17 15:44:48 UTC 2018
#@# Smooth1 lh Wed Jan 17 15:45:03 UTC 2018
#@# Smooth1 rh Wed Jan 17 15:45:16 UTC 2018
#@# Inflation1 lh Wed Jan 17 15:45:28 UTC 2018
#@# Inflation1 rh Wed Jan 17 15:46:48 UTC 2018
#@# QSphere lh Wed Jan 17 15:48:09 UTC 2018
#@# QSphere rh Wed Jan 17 15:56:23 UTC 2018
#@# Fix Topology Copy lh Wed Jan 17 16:05:04 UTC 2018
#@# Fix Topology Copy rh Wed Jan 17 16:05:04 UTC 2018
#@# Fix Topology lh Wed Jan 17 16:05:04 UTC 2018
#@# Fix Topology rh Wed Jan 17 17:08:14 UTC 2018
#@# Make White Surf lh Wed Jan 17 17:57:55 UTC 2018
#@# Make White Surf rh Wed Jan 17 18:10:08 UTC 2018
#@# Smooth2 lh Wed Jan 17 18:22:04 UTC 2018
#@# Smooth2 rh Wed Jan 17 18:22:16 UTC 2018
#@# Inflation2 lh Wed Jan 17 18:22:28 UTC 2018
#@# Inflation2 rh Wed Jan 17 18:23:46 UTC 2018
#@# Curv .H and .K lh Wed Jan 17 18:25:01 UTC 2018
#@# Curv .H and .K rh Wed Jan 17 18:28:10 UTC 2018
#@# Curvature Stats lh Wed Jan 17 18:31:26 UTC 2018
#@# Curvature Stats rh Wed Jan 17 18:31:34 UTC 2018
#@# Sphere lh Wed Jan 17 18:31:43 UTC 2018
#@# Sphere rh Wed Jan 17 20:16:52 UTC 2018
#@# Surf Reg lh Wed Jan 17 22:09:47 UTC 2018
#@# Surf Reg rh Thu Jan 18 00:09:25 UTC 2018
#@# Jacobian white lh Thu Jan 18 02:22:59 UTC 2018
#@# Jacobian white rh Thu Jan 18 02:23:04 UTC 2018
#@# AvgCurv lh Thu Jan 18 02:23:09 UTC 2018
#@# AvgCurv rh Thu Jan 18 02:23:13 UTC 2018
#@# Cortical Parc lh Thu Jan 18 02:23:17 UTC 2018
#@# Cortical Parc rh Thu Jan 18 02:23:59 UTC 2018
#@# Make Pial Surf lh Thu Jan 18 02:24:40 UTC 2018
#@# Make Pial Surf rh Thu Jan 18 02:59:52 UTC 2018
#@# Surf Volume lh Thu Jan 18 03:34:33 UTC 2018
#@# Surf Volume rh Thu Jan 18 03:34:41 UTC 2018
#@# Cortical ribbon mask Thu Jan 18 03:34:49 UTC 2018
#@# Parcellation Stats lh Thu Jan 18 04:16:18 UTC 2018
#@# Parcellation Stats rh Thu Jan 18 04:20:11 UTC 2018
#@# Cortical Parc 2 lh Thu Jan 18 04:24:03 UTC 2018
#@# Cortical Parc 2 rh Thu Jan 18 04:24:50 UTC 2018
#@# Parcellation Stats 2 lh Thu Jan 18 04:25:41 UTC 2018
#@# Parcellation Stats 2 rh Thu Jan 18 04:27:47 UTC 2018
#@# Cortical Parc 3 lh Thu Jan 18 04:29:48 UTC 2018
#@# Cortical Parc 3 rh Thu Jan 18 04:30:28 UTC 2018
#@# Parcellation Stats 3 lh Thu Jan 18 04:31:08 UTC 2018
#@# Parcellation Stats 3 rh Thu Jan 18 04:33:04 UTC 2018
#@# WM/GM Contrast lh Thu Jan 18 04:34:58 UTC 2018
#@# WM/GM Contrast rh Thu Jan 18 04:35:15 UTC 2018
#@# Relabel Hypointensities Thu Jan 18 04:35:31 UTC 2018
#@# AParc-to-ASeg aparc Thu Jan 18 04:36:36 UTC 2018
#@# AParc-to-ASeg a2009s Thu Jan 18 04:49:20 UTC 2018
#@# AParc-to-ASeg DKTatlas Thu Jan 18 05:02:06 UTC 2018
#@# APas-to-ASeg Thu Jan 18 05:14:29 UTC 2018
#@# ASeg Stats Thu Jan 18 05:14:49 UTC 2018
#@# WMParc Thu Jan 18 05:23:36 UTC 2018
#@# BA_exvivo Labels lh Thu Jan 18 05:50:13 UTC 2018
#@# BA_exvivo Labels rh Thu Jan 18 06:02:49 UTC 2018
recon-all -s 3571 finished without error at Thu Jan 18 06:15:49 UTC 2018
