status file for recon-all
Mon Jan 15 18:08:13 UTC 2018
#@# MotionCor Mon Jan 15 18:08:22 UTC 2018
#@# Talairach Mon Jan 15 18:08:46 UTC 2018
#@# Talairach Failure Detection Mon Jan 15 18:13:05 UTC 2018
#@# Nu Intensity Correction Mon Jan 15 18:13:05 UTC 2018
#@# Intensity Normalization Mon Jan 15 18:19:19 UTC 2018
#@# Skull Stripping Mon Jan 15 18:26:21 UTC 2018
#@# EM Registration Mon Jan 15 19:30:00 UTC 2018
#@# CA Normalize Mon Jan 15 20:53:19 UTC 2018
#@# CA Reg Mon Jan 15 20:58:21 UTC 2018
#@# SubCort Seg Tue Jan 16 04:31:55 UTC 2018
#@# Merge ASeg Tue Jan 16 07:03:04 UTC 2018
#@# Intensity Normalization2 Tue Jan 16 07:03:04 UTC 2018
#@# Mask BFS Tue Jan 16 07:11:29 UTC 2018
#@# WM Segmentation Tue Jan 16 07:11:33 UTC 2018
#@# Fill Tue Jan 16 07:16:41 UTC 2018
#@# Tessellate lh Tue Jan 16 07:18:23 UTC 2018
#@# Tessellate rh Tue Jan 16 07:18:37 UTC 2018
#@# Smooth1 lh Tue Jan 16 07:18:50 UTC 2018
#@# Smooth1 rh Tue Jan 16 07:19:03 UTC 2018
#@# Inflation1 lh Tue Jan 16 07:19:15 UTC 2018
#@# Inflation1 rh Tue Jan 16 07:20:30 UTC 2018
#@# QSphere lh Tue Jan 16 07:21:46 UTC 2018
#@# QSphere rh Tue Jan 16 07:29:25 UTC 2018
#@# Fix Topology Copy lh Tue Jan 16 07:37:30 UTC 2018
#@# Fix Topology Copy rh Tue Jan 16 07:37:30 UTC 2018
#@# Fix Topology lh Tue Jan 16 07:37:30 UTC 2018
#@# Fix Topology rh Tue Jan 16 09:22:45 UTC 2018
#@# Make White Surf lh Tue Jan 16 10:34:39 UTC 2018
#@# Make White Surf rh Tue Jan 16 10:46:23 UTC 2018
#@# Smooth2 lh Tue Jan 16 10:58:21 UTC 2018
#@# Smooth2 rh Tue Jan 16 10:58:34 UTC 2018
#@# Inflation2 lh Tue Jan 16 10:58:47 UTC 2018
#@# Inflation2 rh Tue Jan 16 11:00:05 UTC 2018
#@# Curv .H and .K lh Tue Jan 16 11:01:23 UTC 2018
#@# Curv .H and .K rh Tue Jan 16 11:04:24 UTC 2018
#@# Curvature Stats lh Tue Jan 16 11:07:28 UTC 2018
#@# Curvature Stats rh Tue Jan 16 11:07:37 UTC 2018
#@# Sphere lh Tue Jan 16 11:07:45 UTC 2018
#@# Sphere rh Tue Jan 16 12:49:25 UTC 2018
#@# Surf Reg lh Tue Jan 16 14:46:11 UTC 2018
#@# Surf Reg rh Tue Jan 16 16:42:28 UTC 2018
#@# Jacobian white lh Tue Jan 16 18:35:37 UTC 2018
#@# Jacobian white rh Tue Jan 16 18:35:41 UTC 2018
#@# AvgCurv lh Tue Jan 16 18:35:45 UTC 2018
#@# AvgCurv rh Tue Jan 16 18:35:49 UTC 2018
#@# Cortical Parc lh Tue Jan 16 18:35:52 UTC 2018
#@# Cortical Parc rh Tue Jan 16 18:36:22 UTC 2018
#@# Make Pial Surf lh Tue Jan 16 18:36:52 UTC 2018
#@# Make Pial Surf rh Tue Jan 16 19:07:04 UTC 2018
#@# Surf Volume lh Tue Jan 16 19:36:50 UTC 2018
#@# Surf Volume rh Tue Jan 16 19:36:56 UTC 2018
#@# Cortical ribbon mask Tue Jan 16 19:37:02 UTC 2018
#@# Parcellation Stats lh Tue Jan 16 20:09:40 UTC 2018
#@# Parcellation Stats rh Tue Jan 16 20:12:08 UTC 2018
#@# Cortical Parc 2 lh Tue Jan 16 20:14:31 UTC 2018
#@# Cortical Parc 2 rh Tue Jan 16 20:15:03 UTC 2018
#@# Parcellation Stats 2 lh Tue Jan 16 20:15:37 UTC 2018
#@# Parcellation Stats 2 rh Tue Jan 16 20:16:53 UTC 2018
#@# Cortical Parc 3 lh Tue Jan 16 20:18:10 UTC 2018
#@# Cortical Parc 3 rh Tue Jan 16 20:18:37 UTC 2018
#@# Parcellation Stats 3 lh Tue Jan 16 20:19:04 UTC 2018
#@# Parcellation Stats 3 rh Tue Jan 16 20:20:20 UTC 2018
#@# WM/GM Contrast lh Tue Jan 16 20:21:34 UTC 2018
#@# WM/GM Contrast rh Tue Jan 16 20:21:46 UTC 2018
#@# Relabel Hypointensities Tue Jan 16 20:21:58 UTC 2018
#@# AParc-to-ASeg aparc Tue Jan 16 20:22:41 UTC 2018
#@# AParc-to-ASeg a2009s Tue Jan 16 20:31:25 UTC 2018
#@# AParc-to-ASeg DKTatlas Tue Jan 16 20:39:40 UTC 2018
#@# APas-to-ASeg Tue Jan 16 20:48:03 UTC 2018
#@# ASeg Stats Tue Jan 16 20:48:14 UTC 2018
#@# WMParc Tue Jan 16 20:55:03 UTC 2018
#@# BA_exvivo Labels lh Tue Jan 16 21:12:34 UTC 2018
#@# BA_exvivo Labels rh Tue Jan 16 21:21:33 UTC 2018
recon-all -s 4022 finished without error at Tue Jan 16 21:31:01 UTC 2018
