status file for recon-all
Fri Jan 12 01:53:24 UTC 2018
#@# MotionCor Fri Jan 12 01:53:29 UTC 2018
#@# Talairach Fri Jan 12 01:53:54 UTC 2018
#@# Talairach Failure Detection Fri Jan 12 01:57:28 UTC 2018
#@# Nu Intensity Correction Fri Jan 12 01:57:28 UTC 2018
#@# Intensity Normalization Fri Jan 12 02:02:05 UTC 2018
#@# Skull Stripping Fri Jan 12 02:07:56 UTC 2018
#@# EM Registration Fri Jan 12 03:11:48 UTC 2018
#@# CA Normalize Fri Jan 12 03:56:16 UTC 2018
#@# CA Reg Fri Jan 12 04:00:11 UTC 2018
#@# SubCort Seg Fri Jan 12 11:20:47 UTC 2018
#@# Merge ASeg Fri Jan 12 13:45:19 UTC 2018
#@# Intensity Normalization2 Fri Jan 12 13:45:19 UTC 2018
#@# Mask BFS Fri Jan 12 13:53:12 UTC 2018
#@# WM Segmentation Fri Jan 12 13:53:16 UTC 2018
#@# Fill Fri Jan 12 13:58:23 UTC 2018
#@# Tessellate lh Fri Jan 12 14:00:15 UTC 2018
#@# Tessellate rh Fri Jan 12 14:00:29 UTC 2018
#@# Smooth1 lh Fri Jan 12 14:00:43 UTC 2018
#@# Smooth1 rh Fri Jan 12 14:00:56 UTC 2018
#@# Inflation1 lh Fri Jan 12 14:01:09 UTC 2018
#@# Inflation1 rh Fri Jan 12 14:02:29 UTC 2018
#@# QSphere lh Fri Jan 12 14:03:46 UTC 2018
#@# QSphere rh Fri Jan 12 14:11:55 UTC 2018
#@# Fix Topology Copy lh Fri Jan 12 14:20:15 UTC 2018
#@# Fix Topology Copy rh Fri Jan 12 14:20:15 UTC 2018
#@# Fix Topology lh Fri Jan 12 14:20:15 UTC 2018
#@# Fix Topology rh Fri Jan 12 15:28:49 UTC 2018
#@# Make White Surf lh Fri Jan 12 17:07:33 UTC 2018
#@# Make White Surf rh Fri Jan 12 17:20:31 UTC 2018
#@# Smooth2 lh Fri Jan 12 17:32:52 UTC 2018
#@# Smooth2 rh Fri Jan 12 17:33:05 UTC 2018
#@# Inflation2 lh Fri Jan 12 17:33:18 UTC 2018
#@# Inflation2 rh Fri Jan 12 17:34:37 UTC 2018
#@# Curv .H and .K lh Fri Jan 12 17:36:00 UTC 2018
#@# Curv .H and .K rh Fri Jan 12 17:39:18 UTC 2018
#@# Curvature Stats lh Fri Jan 12 17:42:41 UTC 2018
#@# Curvature Stats rh Fri Jan 12 17:42:50 UTC 2018
#@# Sphere lh Fri Jan 12 17:42:59 UTC 2018
#@# Sphere rh Fri Jan 12 19:51:23 UTC 2018
#@# Surf Reg lh Fri Jan 12 21:54:03 UTC 2018
#@# Surf Reg rh Sat Jan 13 00:14:45 UTC 2018
#@# Jacobian white lh Sat Jan 13 01:48:16 UTC 2018
#@# Jacobian white rh Sat Jan 13 01:48:20 UTC 2018
#@# AvgCurv lh Sat Jan 13 01:48:24 UTC 2018
#@# AvgCurv rh Sat Jan 13 01:48:27 UTC 2018
#@# Cortical Parc lh Sat Jan 13 01:48:30 UTC 2018
#@# Cortical Parc rh Sat Jan 13 01:48:58 UTC 2018
#@# Make Pial Surf lh Sat Jan 13 01:49:24 UTC 2018
#@# Make Pial Surf rh Sat Jan 13 02:17:26 UTC 2018
#@# Surf Volume lh Sat Jan 13 02:45:11 UTC 2018
#@# Surf Volume rh Sat Jan 13 02:45:17 UTC 2018
#@# Cortical ribbon mask Sat Jan 13 02:45:23 UTC 2018
#@# Parcellation Stats lh Sat Jan 13 03:13:09 UTC 2018
#@# Parcellation Stats rh Sat Jan 13 03:15:49 UTC 2018
#@# Cortical Parc 2 lh Sat Jan 13 03:18:29 UTC 2018
#@# Cortical Parc 2 rh Sat Jan 13 03:19:05 UTC 2018
#@# Parcellation Stats 2 lh Sat Jan 13 03:19:40 UTC 2018
#@# Parcellation Stats 2 rh Sat Jan 13 03:21:03 UTC 2018
#@# Cortical Parc 3 lh Sat Jan 13 03:22:25 UTC 2018
#@# Cortical Parc 3 rh Sat Jan 13 03:22:52 UTC 2018
#@# Parcellation Stats 3 lh Sat Jan 13 03:23:21 UTC 2018
#@# Parcellation Stats 3 rh Sat Jan 13 03:24:43 UTC 2018
#@# WM/GM Contrast lh Sat Jan 13 03:26:05 UTC 2018
#@# WM/GM Contrast rh Sat Jan 13 03:26:17 UTC 2018
#@# Relabel Hypointensities Sat Jan 13 03:26:28 UTC 2018
#@# AParc-to-ASeg aparc Sat Jan 13 03:27:11 UTC 2018
#@# AParc-to-ASeg a2009s Sat Jan 13 03:35:49 UTC 2018
#@# AParc-to-ASeg DKTatlas Sat Jan 13 03:44:21 UTC 2018
#@# APas-to-ASeg Sat Jan 13 03:52:53 UTC 2018
#@# ASeg Stats Sat Jan 13 03:53:05 UTC 2018
#@# WMParc Sat Jan 13 03:58:36 UTC 2018
#@# BA_exvivo Labels lh Sat Jan 13 04:16:27 UTC 2018
#@# BA_exvivo Labels rh Sat Jan 13 04:25:51 UTC 2018
recon-all -s 3711 finished without error at Sat Jan 13 04:35:05 UTC 2018
